<?xml version="1.0" encoding="UTF-8"?>
<testsuite name="Default test"
           tests="3"
           failures="0"
           errors="0"
           skipped="0"
           time="126.223">
  <properties />
  
  
            <testcase name="senseRelate" time="60.661" classname="Test.JPSenseRelateWordNetTest" />
                <testcase name="senseRelate" time="65.543" classname="Test.JPSenseRelateWordNetTest" />
                <testcase name="senseRelate" time="0.019" classname="Test.JPSenseRelateWordNetTest" />
      
</testsuite>
