<?xml version="1.0" encoding="UTF-8"?>
<testsuite name="Default test"
           tests="352"
           failures="0"
           errors="0"
           skipped="0"
           time="5.772">
  <properties />
  
  
            <testcase name="tagSentence" time="0.013" classname="Test.IllinoisPOSTaggerManagerTest" />
                <testcase name="tagSentence" time="0.010" classname="Test.IllinoisPOSTaggerManagerTest" />
                <testcase name="tagSentence" time="0.008" classname="Test.IllinoisPOSTaggerManagerTest" />
                <testcase name="tagSentence" time="0.013" classname="Test.IllinoisPOSTaggerManagerTest" />
                <testcase name="tagSentence" time="0.010" classname="Test.IllinoisPOSTaggerManagerTest" />
                <testcase name="tagSentence" time="0.008" classname="Test.IllinoisPOSTaggerManagerTest" />
                <testcase name="tagSentence" time="0.014" classname="Test.IllinoisPOSTaggerManagerTest" />
                <testcase name="tagSentence" time="0.014" classname="Test.IllinoisPOSTaggerManagerTest" />
                <testcase name="tagSentence" time="0.034" classname="Test.IllinoisPOSTaggerManagerTest" />
                <testcase name="tagSentence" time="0.012" classname="Test.IllinoisPOSTaggerManagerTest" />
                <testcase name="tagSentence" time="0.016" classname="Test.IllinoisPOSTaggerManagerTest" />
                <testcase name="tagSentence" time="0.009" classname="Test.IllinoisPOSTaggerManagerTest" />
                <testcase name="tagSentence" time="0.008" classname="Test.IllinoisPOSTaggerManagerTest" />
                <testcase name="tagSentence" time="0.008" classname="Test.IllinoisPOSTaggerManagerTest" />
                <testcase name="tagSentence" time="0.011" classname="Test.IllinoisPOSTaggerManagerTest" />
                <testcase name="tagSentence" time="0.009" classname="Test.IllinoisPOSTaggerManagerTest" />
                <testcase name="tagSentence" time="0.008" classname="Test.IllinoisPOSTaggerManagerTest" />
                <testcase name="tagSentence" time="0.014" classname="Test.IllinoisPOSTaggerManagerTest" />
                <testcase name="tagSentence" time="0.015" classname="Test.IllinoisPOSTaggerManagerTest" />
                <testcase name="tagSentence" time="0.008" classname="Test.IllinoisPOSTaggerManagerTest" />
                <testcase name="tagSentence" time="0.008" classname="Test.IllinoisPOSTaggerManagerTest" />
                <testcase name="tagSentence" time="0.008" classname="Test.IllinoisPOSTaggerManagerTest" />
                <testcase name="tagSentence" time="0.007" classname="Test.IllinoisPOSTaggerManagerTest" />
                <testcase name="tagSentence" time="0.013" classname="Test.IllinoisPOSTaggerManagerTest" />
                <testcase name="tagSentence" time="0.008" classname="Test.IllinoisPOSTaggerManagerTest" />
                <testcase name="tagSentence" time="0.007" classname="Test.IllinoisPOSTaggerManagerTest" />
                <testcase name="tagSentence" time="0.008" classname="Test.IllinoisPOSTaggerManagerTest" />
                <testcase name="tagSentence" time="0.008" classname="Test.IllinoisPOSTaggerManagerTest" />
                <testcase name="tagSentence" time="0.015" classname="Test.IllinoisPOSTaggerManagerTest" />
                <testcase name="tagSentence" time="0.008" classname="Test.IllinoisPOSTaggerManagerTest" />
                <testcase name="tagSentence" time="0.008" classname="Test.IllinoisPOSTaggerManagerTest" />
                <testcase name="tagSentence" time="0.010" classname="Test.IllinoisPOSTaggerManagerTest" />
                <testcase name="tagSentence" time="0.008" classname="Test.IllinoisPOSTaggerManagerTest" />
                <testcase name="tagSentence" time="0.008" classname="Test.IllinoisPOSTaggerManagerTest" />
                <testcase name="tagSentence" time="0.009" classname="Test.IllinoisPOSTaggerManagerTest" />
                <testcase name="tagSentence" time="0.008" classname="Test.IllinoisPOSTaggerManagerTest" />
                <testcase name="tagSentence" time="0.007" classname="Test.IllinoisPOSTaggerManagerTest" />
                <testcase name="tagSentence" time="0.014" classname="Test.IllinoisPOSTaggerManagerTest" />
                <testcase name="tagSentence" time="0.008" classname="Test.IllinoisPOSTaggerManagerTest" />
                <testcase name="tagSentence" time="0.008" classname="Test.IllinoisPOSTaggerManagerTest" />
                <testcase name="tagSentence" time="0.012" classname="Test.IllinoisPOSTaggerManagerTest" />
                <testcase name="tagSentence" time="0.008" classname="Test.IllinoisPOSTaggerManagerTest" />
                <testcase name="tagSentence" time="0.007" classname="Test.IllinoisPOSTaggerManagerTest" />
                <testcase name="tagSentence" time="0.007" classname="Test.IllinoisPOSTaggerManagerTest" />
                <testcase name="tagSentence" time="0.012" classname="Test.IllinoisPOSTaggerManagerTest" />
                <testcase name="tagSentence" time="0.008" classname="Test.IllinoisPOSTaggerManagerTest" />
                <testcase name="tagSentence" time="0.009" classname="Test.IllinoisPOSTaggerManagerTest" />
                <testcase name="tagSentence" time="0.008" classname="Test.IllinoisPOSTaggerManagerTest" />
                <testcase name="tagSentence" time="0.013" classname="Test.IllinoisPOSTaggerManagerTest" />
                <testcase name="tagSentence" time="0.010" classname="Test.IllinoisPOSTaggerManagerTest" />
                <testcase name="tagSentence" time="0.008" classname="Test.IllinoisPOSTaggerManagerTest" />
                <testcase name="tagSentence" time="0.008" classname="Test.IllinoisPOSTaggerManagerTest" />
                <testcase name="tagSentence" time="0.008" classname="Test.IllinoisPOSTaggerManagerTest" />
                <testcase name="tagSentence" time="0.013" classname="Test.IllinoisPOSTaggerManagerTest" />
                <testcase name="tagSentence" time="0.008" classname="Test.IllinoisPOSTaggerManagerTest" />
                <testcase name="tagSentence" time="0.009" classname="Test.IllinoisPOSTaggerManagerTest" />
                <testcase name="tagSentence" time="0.009" classname="Test.IllinoisPOSTaggerManagerTest" />
                <testcase name="tagSentence" time="0.008" classname="Test.IllinoisPOSTaggerManagerTest" />
                <testcase name="tagSentence" time="0.008" classname="Test.IllinoisPOSTaggerManagerTest" />
                <testcase name="tagSentence" time="0.008" classname="Test.IllinoisPOSTaggerManagerTest" />
                <testcase name="tagSentence" time="0.011" classname="Test.IllinoisPOSTaggerManagerTest" />
                <testcase name="tagSentence" time="0.008" classname="Test.IllinoisPOSTaggerManagerTest" />
                <testcase name="tagSentence" time="0.008" classname="Test.IllinoisPOSTaggerManagerTest" />
                <testcase name="tagSentence" time="0.012" classname="Test.IllinoisPOSTaggerManagerTest" />
                <testcase name="tagSentence" time="0.007" classname="Test.IllinoisPOSTaggerManagerTest" />
                <testcase name="tagSentence" time="0.010" classname="Test.IllinoisPOSTaggerManagerTest" />
                <testcase name="tagSentence" time="0.012" classname="Test.IllinoisPOSTaggerManagerTest" />
                <testcase name="tagSentence" time="0.008" classname="Test.IllinoisPOSTaggerManagerTest" />
                <testcase name="tagSentence" time="0.009" classname="Test.IllinoisPOSTaggerManagerTest" />
                <testcase name="tagSentence" time="0.008" classname="Test.IllinoisPOSTaggerManagerTest" />
                <testcase name="tagSentence" time="0.007" classname="Test.IllinoisPOSTaggerManagerTest" />
                <testcase name="tagSentence" time="0.008" classname="Test.IllinoisPOSTaggerManagerTest" />
                <testcase name="tagSentence" time="0.013" classname="Test.IllinoisPOSTaggerManagerTest" />
                <testcase name="tagSentence" time="0.008" classname="Test.IllinoisPOSTaggerManagerTest" />
                <testcase name="tagSentence" time="0.009" classname="Test.IllinoisPOSTaggerManagerTest" />
                <testcase name="tagSentence" time="0.013" classname="Test.IllinoisPOSTaggerManagerTest" />
                <testcase name="tagSentence" time="0.013" classname="Test.IllinoisPOSTaggerManagerTest" />
                <testcase name="tagSentence" time="0.010" classname="Test.IllinoisPOSTaggerManagerTest" />
                <testcase name="tagSentence" time="0.007" classname="Test.IllinoisPOSTaggerManagerTest" />
                <testcase name="tagSentence" time="0.025" classname="Test.IllinoisPOSTaggerManagerTest" />
                <testcase name="tagSentence" time="0.012" classname="Test.IllinoisPOSTaggerManagerTest" />
                <testcase name="tagSentence" time="2.087" classname="Test.IllinoisPOSTaggerManagerTest" />
                <testcase name="tagSentence" time="0.013" classname="Test.IllinoisPOSTaggerManagerTest" />
                <testcase name="tagSentence" time="0.007" classname="Test.IllinoisPOSTaggerManagerTest" />
                <testcase name="tagSentence" time="0.008" classname="Test.IllinoisPOSTaggerManagerTest" />
                <testcase name="tagSentence" time="0.008" classname="Test.IllinoisPOSTaggerManagerTest" />
                <testcase name="tagSentence" time="0.009" classname="Test.IllinoisPOSTaggerManagerTest" />
                <testcase name="tagSentence" time="0.007" classname="Test.IllinoisPOSTaggerManagerTest" />
                <testcase name="tagSentence" time="0.008" classname="Test.IllinoisPOSTaggerManagerTest" />
                <testcase name="tagSentence" time="0.008" classname="Test.IllinoisPOSTaggerManagerTest" />
                <testcase name="tagSentence" time="0.013" classname="Test.IllinoisPOSTaggerManagerTest" />
                <testcase name="tagSentence" time="0.008" classname="Test.IllinoisPOSTaggerManagerTest" />
                <testcase name="tagSentence" time="0.008" classname="Test.IllinoisPOSTaggerManagerTest" />
                <testcase name="tagSentence" time="0.011" classname="Test.IllinoisPOSTaggerManagerTest" />
                <testcase name="tagSentence" time="0.025" classname="Test.IllinoisPOSTaggerManagerTest" />
                <testcase name="tagSentence" time="0.008" classname="Test.IllinoisPOSTaggerManagerTest" />
                <testcase name="tagSentence" time="0.008" classname="Test.IllinoisPOSTaggerManagerTest" />
                <testcase name="tagSentence" time="0.016" classname="Test.IllinoisPOSTaggerManagerTest" />
                <testcase name="tagSentence" time="0.008" classname="Test.IllinoisPOSTaggerManagerTest" />
                <testcase name="tagSentence" time="0.009" classname="Test.IllinoisPOSTaggerManagerTest" />
                <testcase name="tagSentence" time="0.007" classname="Test.IllinoisPOSTaggerManagerTest" />
                <testcase name="tagSentence" time="0.011" classname="Test.IllinoisPOSTaggerManagerTest" />
                <testcase name="tagSentence" time="0.016" classname="Test.IllinoisPOSTaggerManagerTest" />
                <testcase name="tagSentence" time="0.009" classname="Test.IllinoisPOSTaggerManagerTest" />
                <testcase name="tagSentence" time="0.026" classname="Test.IllinoisPOSTaggerManagerTest" />
                <testcase name="tagSentence" time="0.009" classname="Test.IllinoisPOSTaggerManagerTest" />
                <testcase name="tagSentence" time="0.008" classname="Test.IllinoisPOSTaggerManagerTest" />
                <testcase name="tagSentence" time="0.013" classname="Test.IllinoisPOSTaggerManagerTest" />
                <testcase name="tagSentence" time="0.008" classname="Test.IllinoisPOSTaggerManagerTest" />
                <testcase name="tagSentence" time="0.009" classname="Test.IllinoisPOSTaggerManagerTest" />
                <testcase name="tagSentence" time="0.013" classname="Test.IllinoisPOSTaggerManagerTest" />
                <testcase name="tagSentence" time="0.008" classname="Test.IllinoisPOSTaggerManagerTest" />
                <testcase name="tagSentence" time="0.008" classname="Test.IllinoisPOSTaggerManagerTest" />
                <testcase name="tagSentence" time="0.010" classname="Test.IllinoisPOSTaggerManagerTest" />
                <testcase name="tagSentence" time="0.008" classname="Test.IllinoisPOSTaggerManagerTest" />
                <testcase name="tagSentence" time="0.009" classname="Test.IllinoisPOSTaggerManagerTest" />
                <testcase name="tagSentence" time="0.009" classname="Test.IllinoisPOSTaggerManagerTest" />
                <testcase name="tagSentence" time="0.012" classname="Test.IllinoisPOSTaggerManagerTest" />
                <testcase name="tagSentence" time="0.007" classname="Test.IllinoisPOSTaggerManagerTest" />
                <testcase name="tagSentence" time="0.008" classname="Test.IllinoisPOSTaggerManagerTest" />
                <testcase name="tagSentence" time="0.014" classname="Test.IllinoisPOSTaggerManagerTest" />
                <testcase name="tagSentence" time="0.008" classname="Test.IllinoisPOSTaggerManagerTest" />
                <testcase name="tagSentence" time="0.008" classname="Test.IllinoisPOSTaggerManagerTest" />
                <testcase name="tagSentence" time="0.008" classname="Test.IllinoisPOSTaggerManagerTest" />
                <testcase name="tagSentence" time="0.008" classname="Test.IllinoisPOSTaggerManagerTest" />
                <testcase name="tagSentence" time="0.008" classname="Test.IllinoisPOSTaggerManagerTest" />
                <testcase name="tagSentence" time="0.009" classname="Test.IllinoisPOSTaggerManagerTest" />
                <testcase name="tagSentence" time="0.008" classname="Test.IllinoisPOSTaggerManagerTest" />
                <testcase name="tagSentence" time="0.007" classname="Test.IllinoisPOSTaggerManagerTest" />
                <testcase name="tagSentence" time="0.008" classname="Test.IllinoisPOSTaggerManagerTest" />
                <testcase name="tagSentence" time="0.007" classname="Test.IllinoisPOSTaggerManagerTest" />
                <testcase name="tagSentence" time="0.012" classname="Test.IllinoisPOSTaggerManagerTest" />
                <testcase name="tagSentence" time="0.009" classname="Test.IllinoisPOSTaggerManagerTest" />
                <testcase name="tagSentence" time="0.009" classname="Test.IllinoisPOSTaggerManagerTest" />
                <testcase name="tagSentence" time="0.007" classname="Test.IllinoisPOSTaggerManagerTest" />
                <testcase name="tagSentence" time="0.009" classname="Test.IllinoisPOSTaggerManagerTest" />
                <testcase name="tagSentence" time="0.008" classname="Test.IllinoisPOSTaggerManagerTest" />
                <testcase name="tagSentence" time="0.011" classname="Test.IllinoisPOSTaggerManagerTest" />
                <testcase name="tagSentence" time="0.027" classname="Test.IllinoisPOSTaggerManagerTest" />
                <testcase name="tagSentence" time="0.008" classname="Test.IllinoisPOSTaggerManagerTest" />
                <testcase name="tagSentence" time="0.014" classname="Test.IllinoisPOSTaggerManagerTest" />
                <testcase name="tagSentence" time="0.010" classname="Test.IllinoisPOSTaggerManagerTest" />
                <testcase name="tagSentence" time="0.009" classname="Test.IllinoisPOSTaggerManagerTest" />
                <testcase name="tagSentence" time="0.009" classname="Test.IllinoisPOSTaggerManagerTest" />
                <testcase name="tagSentence" time="0.008" classname="Test.IllinoisPOSTaggerManagerTest" />
                <testcase name="tagSentence" time="0.008" classname="Test.IllinoisPOSTaggerManagerTest" />
                <testcase name="tagSentence" time="0.009" classname="Test.IllinoisPOSTaggerManagerTest" />
                <testcase name="tagSentence" time="0.009" classname="Test.IllinoisPOSTaggerManagerTest" />
                <testcase name="tagSentence" time="0.008" classname="Test.IllinoisPOSTaggerManagerTest" />
                <testcase name="tagSentence" time="0.009" classname="Test.IllinoisPOSTaggerManagerTest" />
                <testcase name="tagSentence" time="0.008" classname="Test.IllinoisPOSTaggerManagerTest" />
                <testcase name="tagSentence" time="0.014" classname="Test.IllinoisPOSTaggerManagerTest" />
                <testcase name="tagSentence" time="0.040" classname="Test.IllinoisPOSTaggerManagerTest" />
                <testcase name="tagSentence" time="0.013" classname="Test.IllinoisPOSTaggerManagerTest" />
                <testcase name="tagSentence" time="0.012" classname="Test.IllinoisPOSTaggerManagerTest" />
                <testcase name="tagSentence" time="0.007" classname="Test.IllinoisPOSTaggerManagerTest" />
                <testcase name="tagSentence" time="0.007" classname="Test.IllinoisPOSTaggerManagerTest" />
                <testcase name="tagSentence" time="0.013" classname="Test.IllinoisPOSTaggerManagerTest" />
                <testcase name="tagSentence" time="0.009" classname="Test.IllinoisPOSTaggerManagerTest" />
                <testcase name="tagSentence" time="0.008" classname="Test.IllinoisPOSTaggerManagerTest" />
                <testcase name="tagSentence" time="0.008" classname="Test.IllinoisPOSTaggerManagerTest" />
                <testcase name="tagSentence" time="0.008" classname="Test.IllinoisPOSTaggerManagerTest" />
                <testcase name="tagSentence" time="0.008" classname="Test.IllinoisPOSTaggerManagerTest" />
                <testcase name="tagSentence" time="0.009" classname="Test.IllinoisPOSTaggerManagerTest" />
                <testcase name="tagSentence" time="0.012" classname="Test.IllinoisPOSTaggerManagerTest" />
                <testcase name="tagSentence" time="0.011" classname="Test.IllinoisPOSTaggerManagerTest" />
                <testcase name="tagSentence" time="0.008" classname="Test.IllinoisPOSTaggerManagerTest" />
                <testcase name="tagSentence" time="0.008" classname="Test.IllinoisPOSTaggerManagerTest" />
                <testcase name="tagSentence" time="0.015" classname="Test.IllinoisPOSTaggerManagerTest" />
                <testcase name="tagSentence" time="0.007" classname="Test.IllinoisPOSTaggerManagerTest" />
                <testcase name="tagSentence" time="0.008" classname="Test.IllinoisPOSTaggerManagerTest" />
                <testcase name="tagSentence" time="0.008" classname="Test.IllinoisPOSTaggerManagerTest" />
                <testcase name="tagSentence" time="0.008" classname="Test.IllinoisPOSTaggerManagerTest" />
                <testcase name="tagSentence" time="0.013" classname="Test.IllinoisPOSTaggerManagerTest" />
                <testcase name="tagSentence" time="0.013" classname="Test.IllinoisPOSTaggerManagerTest" />
                <testcase name="tagSentence" time="0.008" classname="Test.IllinoisPOSTaggerManagerTest" />
                <testcase name="tagSentence" time="0.009" classname="Test.IllinoisPOSTaggerManagerTest" />
                <testcase name="tagSentence" time="0.008" classname="Test.IllinoisPOSTaggerManagerTest" />
                <testcase name="tagSentence" time="0.009" classname="Test.IllinoisPOSTaggerManagerTest" />
                <testcase name="tagSentence" time="0.008" classname="Test.IllinoisPOSTaggerManagerTest" />
                <testcase name="tagSentence" time="0.008" classname="Test.IllinoisPOSTaggerManagerTest" />
                <testcase name="tagSentence" time="0.009" classname="Test.IllinoisPOSTaggerManagerTest" />
                <testcase name="tagSentence" time="0.013" classname="Test.IllinoisPOSTaggerManagerTest" />
                <testcase name="tagSentence" time="0.014" classname="Test.IllinoisPOSTaggerManagerTest" />
                <testcase name="tagSentence" time="0.008" classname="Test.IllinoisPOSTaggerManagerTest" />
                <testcase name="tagSentence" time="0.008" classname="Test.IllinoisPOSTaggerManagerTest" />
                <testcase name="tagSentence" time="0.017" classname="Test.IllinoisPOSTaggerManagerTest" />
                <testcase name="tagSentence" time="0.008" classname="Test.IllinoisPOSTaggerManagerTest" />
                <testcase name="tagSentence" time="0.013" classname="Test.IllinoisPOSTaggerManagerTest" />
                <testcase name="tagSentence" time="0.012" classname="Test.IllinoisPOSTaggerManagerTest" />
                <testcase name="tagSentence" time="0.010" classname="Test.IllinoisPOSTaggerManagerTest" />
                <testcase name="tagSentence" time="0.014" classname="Test.IllinoisPOSTaggerManagerTest" />
                <testcase name="tagSentence" time="0.008" classname="Test.IllinoisPOSTaggerManagerTest" />
                <testcase name="tagSentence" time="0.008" classname="Test.IllinoisPOSTaggerManagerTest" />
                <testcase name="tagSentence" time="0.008" classname="Test.IllinoisPOSTaggerManagerTest" />
                <testcase name="tagSentence" time="0.013" classname="Test.IllinoisPOSTaggerManagerTest" />
                <testcase name="tagSentence" time="0.012" classname="Test.IllinoisPOSTaggerManagerTest" />
                <testcase name="tagSentence" time="0.008" classname="Test.IllinoisPOSTaggerManagerTest" />
                <testcase name="tagSentence" time="0.014" classname="Test.IllinoisPOSTaggerManagerTest" />
                <testcase name="tagSentence" time="0.008" classname="Test.IllinoisPOSTaggerManagerTest" />
                <testcase name="tagSentence" time="0.008" classname="Test.IllinoisPOSTaggerManagerTest" />
                <testcase name="tagSentence" time="0.008" classname="Test.IllinoisPOSTaggerManagerTest" />
                <testcase name="tagSentence" time="0.013" classname="Test.IllinoisPOSTaggerManagerTest" />
                <testcase name="tagSentence" time="0.008" classname="Test.IllinoisPOSTaggerManagerTest" />
                <testcase name="tagSentence" time="0.013" classname="Test.IllinoisPOSTaggerManagerTest" />
                <testcase name="tagSentence" time="0.012" classname="Test.IllinoisPOSTaggerManagerTest" />
                <testcase name="tagSentence" time="0.009" classname="Test.IllinoisPOSTaggerManagerTest" />
                <testcase name="tagSentence" time="0.008" classname="Test.IllinoisPOSTaggerManagerTest" />
                <testcase name="tagSentence" time="0.008" classname="Test.IllinoisPOSTaggerManagerTest" />
                <testcase name="tagSentence" time="0.010" classname="Test.IllinoisPOSTaggerManagerTest" />
                <testcase name="tagSentence" time="0.008" classname="Test.IllinoisPOSTaggerManagerTest" />
                <testcase name="tagSentence" time="0.012" classname="Test.IllinoisPOSTaggerManagerTest" />
                <testcase name="tagSentence" time="0.010" classname="Test.IllinoisPOSTaggerManagerTest" />
                <testcase name="tagSentence" time="0.008" classname="Test.IllinoisPOSTaggerManagerTest" />
                <testcase name="tagSentence" time="0.008" classname="Test.IllinoisPOSTaggerManagerTest" />
                <testcase name="tagSentence" time="0.008" classname="Test.IllinoisPOSTaggerManagerTest" />
                <testcase name="tagSentence" time="0.009" classname="Test.IllinoisPOSTaggerManagerTest" />
                <testcase name="tagSentence" time="0.013" classname="Test.IllinoisPOSTaggerManagerTest" />
                <testcase name="tagSentence" time="0.008" classname="Test.IllinoisPOSTaggerManagerTest" />
                <testcase name="tagSentence" time="0.008" classname="Test.IllinoisPOSTaggerManagerTest" />
                <testcase name="tagSentence" time="0.009" classname="Test.IllinoisPOSTaggerManagerTest" />
                <testcase name="tagSentence" time="0.020" classname="Test.IllinoisPOSTaggerManagerTest" />
                <testcase name="tagSentence" time="0.008" classname="Test.IllinoisPOSTaggerManagerTest" />
                <testcase name="tagSentence" time="0.009" classname="Test.IllinoisPOSTaggerManagerTest" />
                <testcase name="tagSentence" time="0.007" classname="Test.IllinoisPOSTaggerManagerTest" />
                <testcase name="tagSentence" time="0.007" classname="Test.IllinoisPOSTaggerManagerTest" />
                <testcase name="tagSentence" time="0.008" classname="Test.IllinoisPOSTaggerManagerTest" />
                <testcase name="tagSentence" time="0.009" classname="Test.IllinoisPOSTaggerManagerTest" />
                <testcase name="tagSentence" time="0.014" classname="Test.IllinoisPOSTaggerManagerTest" />
                <testcase name="tagSentence" time="0.013" classname="Test.IllinoisPOSTaggerManagerTest" />
                <testcase name="tagSentence" time="0.008" classname="Test.IllinoisPOSTaggerManagerTest" />
                <testcase name="tagSentence" time="0.008" classname="Test.IllinoisPOSTaggerManagerTest" />
                <testcase name="tagSentence" time="0.008" classname="Test.IllinoisPOSTaggerManagerTest" />
                <testcase name="tagSentence" time="0.007" classname="Test.IllinoisPOSTaggerManagerTest" />
                <testcase name="tagSentence" time="0.008" classname="Test.IllinoisPOSTaggerManagerTest" />
                <testcase name="tagSentence" time="0.009" classname="Test.IllinoisPOSTaggerManagerTest" />
                <testcase name="tagSentence" time="0.007" classname="Test.IllinoisPOSTaggerManagerTest" />
                <testcase name="tagSentence" time="0.015" classname="Test.IllinoisPOSTaggerManagerTest" />
                <testcase name="tagSentence" time="0.008" classname="Test.IllinoisPOSTaggerManagerTest" />
                <testcase name="tagSentence" time="0.008" classname="Test.IllinoisPOSTaggerManagerTest" />
                <testcase name="tagSentence" time="0.014" classname="Test.IllinoisPOSTaggerManagerTest" />
                <testcase name="tagSentence" time="0.015" classname="Test.IllinoisPOSTaggerManagerTest" />
                <testcase name="tagSentence" time="0.008" classname="Test.IllinoisPOSTaggerManagerTest" />
                <testcase name="tagSentence" time="0.008" classname="Test.IllinoisPOSTaggerManagerTest" />
                <testcase name="tagSentence" time="0.013" classname="Test.IllinoisPOSTaggerManagerTest" />
                <testcase name="tagSentence" time="0.010" classname="Test.IllinoisPOSTaggerManagerTest" />
                <testcase name="tagSentence" time="0.008" classname="Test.IllinoisPOSTaggerManagerTest" />
                <testcase name="tagSentence" time="0.014" classname="Test.IllinoisPOSTaggerManagerTest" />
                <testcase name="tagSentence" time="0.008" classname="Test.IllinoisPOSTaggerManagerTest" />
                <testcase name="tagSentence" time="0.016" classname="Test.IllinoisPOSTaggerManagerTest" />
                <testcase name="tagSentence" time="0.009" classname="Test.IllinoisPOSTaggerManagerTest" />
                <testcase name="tagSentence" time="0.012" classname="Test.IllinoisPOSTaggerManagerTest" />
                <testcase name="tagSentence" time="0.012" classname="Test.IllinoisPOSTaggerManagerTest" />
                <testcase name="tagSentence" time="0.009" classname="Test.IllinoisPOSTaggerManagerTest" />
                <testcase name="tagSentence" time="0.008" classname="Test.IllinoisPOSTaggerManagerTest" />
                <testcase name="tagSentence" time="0.009" classname="Test.IllinoisPOSTaggerManagerTest" />
                <testcase name="tagSentence" time="0.014" classname="Test.IllinoisPOSTaggerManagerTest" />
                <testcase name="tagSentence" time="0.012" classname="Test.IllinoisPOSTaggerManagerTest" />
                <testcase name="tagSentence" time="0.024" classname="Test.IllinoisPOSTaggerManagerTest" />
                <testcase name="tagSentence" time="0.039" classname="Test.IllinoisPOSTaggerManagerTest" />
                <testcase name="tagSentence" time="0.008" classname="Test.IllinoisPOSTaggerManagerTest" />
                <testcase name="tagSentence" time="0.009" classname="Test.IllinoisPOSTaggerManagerTest" />
                <testcase name="tagSentence" time="0.007" classname="Test.IllinoisPOSTaggerManagerTest" />
                <testcase name="tagSentence" time="0.010" classname="Test.IllinoisPOSTaggerManagerTest" />
                <testcase name="tagSentence" time="0.044" classname="Test.IllinoisPOSTaggerManagerTest" />
                <testcase name="tagSentence" time="0.010" classname="Test.IllinoisPOSTaggerManagerTest" />
                <testcase name="tagSentence" time="0.008" classname="Test.IllinoisPOSTaggerManagerTest" />
                <testcase name="tagSentence" time="0.008" classname="Test.IllinoisPOSTaggerManagerTest" />
                <testcase name="tagSentence" time="0.009" classname="Test.IllinoisPOSTaggerManagerTest" />
                <testcase name="tagSentence" time="0.008" classname="Test.IllinoisPOSTaggerManagerTest" />
                <testcase name="tagSentence" time="0.013" classname="Test.IllinoisPOSTaggerManagerTest" />
                <testcase name="tagSentence" time="0.013" classname="Test.IllinoisPOSTaggerManagerTest" />
                <testcase name="tagSentence" time="0.009" classname="Test.IllinoisPOSTaggerManagerTest" />
                <testcase name="tagSentence" time="0.009" classname="Test.IllinoisPOSTaggerManagerTest" />
                <testcase name="tagSentence" time="0.013" classname="Test.IllinoisPOSTaggerManagerTest" />
                <testcase name="tagSentence" time="0.013" classname="Test.IllinoisPOSTaggerManagerTest" />
                <testcase name="tagSentence" time="0.008" classname="Test.IllinoisPOSTaggerManagerTest" />
                <testcase name="tagSentence" time="0.007" classname="Test.IllinoisPOSTaggerManagerTest" />
                <testcase name="tagSentence" time="0.012" classname="Test.IllinoisPOSTaggerManagerTest" />
                <testcase name="tagSentence" time="0.007" classname="Test.IllinoisPOSTaggerManagerTest" />
                <testcase name="tagSentence" time="0.009" classname="Test.IllinoisPOSTaggerManagerTest" />
                <testcase name="tagSentence" time="0.011" classname="Test.IllinoisPOSTaggerManagerTest" />
                <testcase name="tagSentence" time="0.007" classname="Test.IllinoisPOSTaggerManagerTest" />
                <testcase name="tagSentence" time="0.017" classname="Test.IllinoisPOSTaggerManagerTest" />
                <testcase name="tagSentence" time="0.008" classname="Test.IllinoisPOSTaggerManagerTest" />
                <testcase name="tagSentence" time="0.007" classname="Test.IllinoisPOSTaggerManagerTest" />
                <testcase name="tagSentence" time="0.008" classname="Test.IllinoisPOSTaggerManagerTest" />
                <testcase name="tagSentence" time="0.009" classname="Test.IllinoisPOSTaggerManagerTest" />
                <testcase name="tagSentence" time="0.008" classname="Test.IllinoisPOSTaggerManagerTest" />
                <testcase name="tagSentence" time="0.009" classname="Test.IllinoisPOSTaggerManagerTest" />
                <testcase name="tagSentence" time="0.008" classname="Test.IllinoisPOSTaggerManagerTest" />
                <testcase name="tagSentence" time="0.008" classname="Test.IllinoisPOSTaggerManagerTest" />
                <testcase name="tagSentence" time="0.009" classname="Test.IllinoisPOSTaggerManagerTest" />
                <testcase name="tagSentence" time="0.067" classname="Test.IllinoisPOSTaggerManagerTest" />
                <testcase name="tagSentence" time="0.008" classname="Test.IllinoisPOSTaggerManagerTest" />
                <testcase name="tagSentence" time="0.009" classname="Test.IllinoisPOSTaggerManagerTest" />
                <testcase name="tagSentence" time="0.008" classname="Test.IllinoisPOSTaggerManagerTest" />
                <testcase name="tagSentence" time="0.008" classname="Test.IllinoisPOSTaggerManagerTest" />
                <testcase name="tagSentence" time="0.007" classname="Test.IllinoisPOSTaggerManagerTest" />
                <testcase name="tagSentence" time="0.008" classname="Test.IllinoisPOSTaggerManagerTest" />
                <testcase name="tagSentence" time="0.007" classname="Test.IllinoisPOSTaggerManagerTest" />
                <testcase name="tagSentence" time="0.010" classname="Test.IllinoisPOSTaggerManagerTest" />
                <testcase name="tagSentence" time="0.008" classname="Test.IllinoisPOSTaggerManagerTest" />
                <testcase name="tagSentence" time="0.008" classname="Test.IllinoisPOSTaggerManagerTest" />
                <testcase name="tagSentence" time="0.008" classname="Test.IllinoisPOSTaggerManagerTest" />
                <testcase name="tagSentence" time="0.008" classname="Test.IllinoisPOSTaggerManagerTest" />
                <testcase name="tagSentence" time="0.008" classname="Test.IllinoisPOSTaggerManagerTest" />
                <testcase name="tagSentence" time="0.022" classname="Test.IllinoisPOSTaggerManagerTest" />
                <testcase name="tagSentence" time="0.026" classname="Test.IllinoisPOSTaggerManagerTest" />
                <testcase name="tagSentence" time="0.008" classname="Test.IllinoisPOSTaggerManagerTest" />
                <testcase name="tagSentence" time="0.007" classname="Test.IllinoisPOSTaggerManagerTest" />
                <testcase name="tagSentence" time="0.012" classname="Test.IllinoisPOSTaggerManagerTest" />
                <testcase name="tagSentence" time="0.008" classname="Test.IllinoisPOSTaggerManagerTest" />
                <testcase name="tagSentence" time="0.009" classname="Test.IllinoisPOSTaggerManagerTest" />
                <testcase name="tagSentence" time="0.016" classname="Test.IllinoisPOSTaggerManagerTest" />
                <testcase name="tagSentence" time="0.009" classname="Test.IllinoisPOSTaggerManagerTest" />
                <testcase name="tagSentence" time="0.007" classname="Test.IllinoisPOSTaggerManagerTest" />
                <testcase name="tagSentence" time="0.007" classname="Test.IllinoisPOSTaggerManagerTest" />
                <testcase name="tagSentence" time="0.029" classname="Test.IllinoisPOSTaggerManagerTest" />
                <testcase name="tagSentence" time="0.013" classname="Test.IllinoisPOSTaggerManagerTest" />
                <testcase name="tagSentence" time="0.016" classname="Test.IllinoisPOSTaggerManagerTest" />
                <testcase name="tagSentence" time="0.012" classname="Test.IllinoisPOSTaggerManagerTest" />
                <testcase name="tagSentence" time="0.012" classname="Test.IllinoisPOSTaggerManagerTest" />
                <testcase name="tagSentence" time="0.013" classname="Test.IllinoisPOSTaggerManagerTest" />
                <testcase name="tagSentence" time="0.010" classname="Test.IllinoisPOSTaggerManagerTest" />
                <testcase name="tagSentence" time="0.008" classname="Test.IllinoisPOSTaggerManagerTest" />
                <testcase name="tagSentence" time="0.008" classname="Test.IllinoisPOSTaggerManagerTest" />
                <testcase name="tagSentence" time="0.010" classname="Test.IllinoisPOSTaggerManagerTest" />
                <testcase name="tagSentence" time="0.007" classname="Test.IllinoisPOSTaggerManagerTest" />
                <testcase name="tagSentence" time="0.008" classname="Test.IllinoisPOSTaggerManagerTest" />
                <testcase name="tagSentence" time="0.012" classname="Test.IllinoisPOSTaggerManagerTest" />
                <testcase name="tagSentence" time="0.013" classname="Test.IllinoisPOSTaggerManagerTest" />
                <testcase name="tagSentence" time="0.014" classname="Test.IllinoisPOSTaggerManagerTest" />
                <testcase name="tagSentence" time="0.008" classname="Test.IllinoisPOSTaggerManagerTest" />
                <testcase name="tagSentence" time="0.008" classname="Test.IllinoisPOSTaggerManagerTest" />
                <testcase name="tagSentence" time="0.007" classname="Test.IllinoisPOSTaggerManagerTest" />
                <testcase name="tagSentence" time="0.012" classname="Test.IllinoisPOSTaggerManagerTest" />
                <testcase name="tagSentence" time="0.008" classname="Test.IllinoisPOSTaggerManagerTest" />
                <testcase name="tagSentence" time="0.011" classname="Test.IllinoisPOSTaggerManagerTest" />
                <testcase name="tagSentence" time="0.009" classname="Test.IllinoisPOSTaggerManagerTest" />
                <testcase name="tagSentence" time="0.012" classname="Test.IllinoisPOSTaggerManagerTest" />
                <testcase name="tagSentence" time="0.009" classname="Test.IllinoisPOSTaggerManagerTest" />
                <testcase name="tagSentence" time="0.009" classname="Test.IllinoisPOSTaggerManagerTest" />
                <testcase name="tagSentence" time="0.014" classname="Test.IllinoisPOSTaggerManagerTest" />
                <testcase name="tagSentence" time="0.009" classname="Test.IllinoisPOSTaggerManagerTest" />
                <testcase name="tagSentence" time="0.014" classname="Test.IllinoisPOSTaggerManagerTest" />
                <testcase name="tagSentence" time="0.018" classname="Test.IllinoisPOSTaggerManagerTest" />
                <testcase name="tagSentence" time="0.008" classname="Test.IllinoisPOSTaggerManagerTest" />
                <testcase name="tagSentence" time="0.008" classname="Test.IllinoisPOSTaggerManagerTest" />
                <testcase name="tagSentence" time="0.008" classname="Test.IllinoisPOSTaggerManagerTest" />
                <testcase name="tagSentence" time="0.008" classname="Test.IllinoisPOSTaggerManagerTest" />
                <testcase name="tagSentence" time="0.008" classname="Test.IllinoisPOSTaggerManagerTest" />
      
</testsuite>
