<?xml version="1.0" encoding="UTF-8"?>
<testng-results skipped="0" failed="0" total="352" passed="352">
  <reporter-output>
    <line>
      <![CDATA[Success percent for br-a01: 93.38842975206612]]>
    </line>
    <line>
      <![CDATA[Success percent for br-a02: 93.82086167800453]]>
    </line>
    <line>
      <![CDATA[Success percent for br-a11: 87.94788273615634]]>
    </line>
    <line>
      <![CDATA[Success percent for br-a12: 89.95837669094693]]>
    </line>
    <line>
      <![CDATA[Success percent for br-a13: 89.27801724137932]]>
    </line>
    <line>
      <![CDATA[Success percent for br-a14: 91.97396963123644]]>
    </line>
    <line>
      <![CDATA[Success percent for br-a15: 91.34766649187205]]>
    </line>
    <line>
      <![CDATA[Success percent for br-b13: 89.58001063264221]]>
    </line>
    <line>
      <![CDATA[Success percent for br-b20: 93.17204301075269]]>
    </line>
    <line>
      <![CDATA[Success percent for br-c01: 91.91251271617497]]>
    </line>
    <line>
      <![CDATA[Success percent for br-c02: 91.26819126819127]]>
    </line>
    <line>
      <![CDATA[Success percent for br-c04: 90.25446670276123]]>
    </line>
    <line>
      <![CDATA[Success percent for br-d01: 92.40310077519379]]>
    </line>
    <line>
      <![CDATA[Success percent for br-d02: 91.31538852209243]]>
    </line>
    <line>
      <![CDATA[Success percent for br-d03: 90.95580678314491]]>
    </line>
    <line>
      <![CDATA[Success percent for br-d04: 93.35038363171356]]>
    </line>
    <line>
      <![CDATA[Success percent for br-e01: 90.44155844155844]]>
    </line>
    <line>
      <![CDATA[Success percent for br-e02: 90.02557544757033]]>
    </line>
    <line>
      <![CDATA[Success percent for br-e04: 89.209726443769]]>
    </line>
    <line>
      <![CDATA[Success percent for br-e21: 90.56994818652849]]>
    </line>
    <line>
      <![CDATA[Success percent for br-e24: 86.2356621480709]]>
    </line>
    <line>
      <![CDATA[Success percent for br-e29: 89.96781115879828]]>
    </line>
    <line>
      <![CDATA[Success percent for br-f03: 92.23200414293112]]>
    </line>
    <line>
      <![CDATA[Success percent for br-f10: 91.87466808284653]]>
    </line>
    <line>
      <![CDATA[Success percent for br-f19: 91.24493927125506]]>
    </line>
    <line>
      <![CDATA[Success percent for br-f43: 91.06116048092002]]>
    </line>
    <line>
      <![CDATA[Success percent for br-g01: 89.51367781155015]]>
    </line>
    <line>
      <![CDATA[Success percent for br-g11: 94.1872427983539]]>
    </line>
    <line>
      <![CDATA[Success percent for br-g15: 90.3420523138833]]>
    </line>
    <line>
      <![CDATA[Success percent for br-h01: 93.94444444444444]]>
    </line>
    <line>
      <![CDATA[Success percent for br-j01: 93.84454877412624]]>
    </line>
    <line>
      <![CDATA[Success percent for br-j02: 92.56370254810193]]>
    </line>
    <line>
      <![CDATA[Success percent for br-j03: 91.9753086419753]]>
    </line>
    <line>
      <![CDATA[Success percent for br-j04: 90.81983308787433]]>
    </line>
    <line>
      <![CDATA[Success percent for br-j05: 89.26038500506586]]>
    </line>
    <line>
      <![CDATA[Success percent for br-j06: 91.13660062565172]]>
    </line>
    <line>
      <![CDATA[Success percent for br-j07: 91.77153920619554]]>
    </line>
    <line>
      <![CDATA[Success percent for br-j08: 91.67528438469493]]>
    </line>
    <line>
      <![CDATA[Success percent for br-j09: 89.84414278531926]]>
    </line>
    <line>
      <![CDATA[Success percent for br-j10: 91.39280125195619]]>
    </line>
    <line>
      <![CDATA[Success percent for br-j11: 88.28496042216359]]>
    </line>
    <line>
      <![CDATA[Success percent for br-j12: 89.00468994267848]]>
    </line>
    <line>
      <![CDATA[Success percent for br-j13: 87.46854554604931]]>
    </line>
    <line>
      <![CDATA[Success percent for br-j14: 92.90523045054375]]>
    </line>
    <line>
      <![CDATA[Success percent for br-j15: 92.11873080859775]]>
    </line>
    <line>
      <![CDATA[Success percent for br-j16: 88.9238845144357]]>
    </line>
    <line>
      <![CDATA[Success percent for br-j17: 94.24424424424424]]>
    </line>
    <line>
      <![CDATA[Success percent for br-j18: 83.17805383022774]]>
    </line>
    <line>
      <![CDATA[Success percent for br-j19: 86.59517426273459]]>
    </line>
    <line>
      <![CDATA[Success percent for br-j20: 89.45253641386238]]>
    </line>
    <line>
      <![CDATA[Success percent for br-j22: 95.84199584199584]]>
    </line>
    <line>
      <![CDATA[Success percent for br-j23: 92.29177444386963]]>
    </line>
    <line>
      <![CDATA[Success percent for br-j37: 94.18543740178103]]>
    </line>
    <line>
      <![CDATA[Success percent for br-j52: 91.43150333504362]]>
    </line>
    <line>
      <![CDATA[Success percent for br-j53: 91.2133891213389]]>
    </line>
    <line>
      <![CDATA[Success percent for br-j54: 92.88659793814433]]>
    </line>
    <line>
      <![CDATA[Success percent for br-j55: 90.72327044025157]]>
    </line>
    <line>
      <![CDATA[Success percent for br-j56: 94.00921658986175]]>
    </line>
    <line>
      <![CDATA[Success percent for br-j57: 91.90283400809716]]>
    </line>
    <line>
      <![CDATA[Success percent for br-j58: 94.55314648334215]]>
    </line>
    <line>
      <![CDATA[Success percent for br-j59: 90.09952854897853]]>
    </line>
    <line>
      <![CDATA[Success percent for br-j60: 92.70724029380902]]>
    </line>
    <line>
      <![CDATA[Success percent for br-j70: 90.8051689860835]]>
    </line>
    <line>
      <![CDATA[Success percent for br-k01: 91.13924050632912]]>
    </line>
    <line>
      <![CDATA[Success percent for br-k02: 91.13149847094802]]>
    </line>
    <line>
      <![CDATA[Success percent for br-k03: 90.40166927490871]]>
    </line>
    <line>
      <![CDATA[Success percent for br-k04: 90.61352910330362]]>
    </line>
    <line>
      <![CDATA[Success percent for br-k05: 90.21052631578948]]>
    </line>
    <line>
      <![CDATA[Success percent for br-k06: 93.43434343434343]]>
    </line>
    <line>
      <![CDATA[Success percent for br-k07: 89.74358974358975]]>
    </line>
    <line>
      <![CDATA[Success percent for br-k08: 91.00364014560583]]>
    </line>
    <line>
      <![CDATA[Success percent for br-k09: 90.82051282051282]]>
    </line>
    <line>
      <![CDATA[Success percent for br-k10: 92.94178258629573]]>
    </line>
    <line>
      <![CDATA[Success percent for br-k11: 91.46149816657936]]>
    </line>
    <line>
      <![CDATA[Success percent for br-k12: 91.91251271617497]]>
    </line>
    <line>
      <![CDATA[Success percent for br-k13: 91.8622848200313]]>
    </line>
    <line>
      <![CDATA[Success percent for br-k14: 92.90853031860226]]>
    </line>
    <line>
      <![CDATA[Success percent for br-k15: 93.02206259620318]]>
    </line>
    <line>
      <![CDATA[Success percent for br-k16: 90.54336468129571]]>
    </line>
    <line>
      <![CDATA[Success percent for br-k17: 91.71443460135487]]>
    </line>
    <line>
      <![CDATA[Success percent for br-k18: 91.47406266050334]]>
    </line>
    <line>
      <![CDATA[Success percent for br-k19: 91.29994941831058]]>
    </line>
    <line>
      <![CDATA[Success percent for br-k20: 91.29327902240325]]>
    </line>
    <line>
      <![CDATA[Success percent for br-k21: 91.91251271617497]]>
    </line>
    <line>
      <![CDATA[Success percent for br-k22: 92.0618556701031]]>
    </line>
    <line>
      <![CDATA[Success percent for br-k23: 92.50879839115133]]>
    </line>
    <line>
      <![CDATA[Success percent for br-k24: 90.11976047904191]]>
    </line>
    <line>
      <![CDATA[Success percent for br-k25: 90.56016597510373]]>
    </line>
    <line>
      <![CDATA[Success percent for br-k26: 91.25855713533439]]>
    </line>
    <line>
      <![CDATA[Success percent for br-k27: 91.24124124124124]]>
    </line>
    <line>
      <![CDATA[Success percent for br-k28: 90.98488796248046]]>
    </line>
    <line>
      <![CDATA[Success percent for br-k29: 91.55440414507773]]>
    </line>
    <line>
      <![CDATA[Success percent for br-l11: 91.10764430577223]]>
    </line>
    <line>
      <![CDATA[Success percent for br-l12: 91.20992761116857]]>
    </line>
    <line>
      <![CDATA[Success percent for br-m01: 90.87093389296957]]>
    </line>
    <line>
      <![CDATA[Success percent for br-m02: 91.41519250780436]]>
    </line>
    <line>
      <![CDATA[Success percent for br-n05: 89.50554994954591]]>
    </line>
    <line>
      <![CDATA[Success percent for br-p01: 91.05608893380496]]>
    </line>
    <line>
      <![CDATA[Success percent for br-r05: 92.77833500501504]]>
    </line>
    <line>
      <![CDATA[Success percent for br-r06: 91.37214137214137]]>
    </line>
    <line>
      <![CDATA[Success percent for br-r07: 91.47208121827411]]>
    </line>
    <line>
      <![CDATA[Success percent for br-r08: 91.54780771262546]]>
    </line>
    <line>
      <![CDATA[Success percent for br-r09: 90.53842132775745]]>
    </line>
    <line>
      <![CDATA[Success percent for br-e22: 94.48416751787538]]>
    </line>
    <line>
      <![CDATA[Success percent for br-e23: 92.8872497365648]]>
    </line>
    <line>
      <![CDATA[Success percent for br-e25: 91.18414188836724]]>
    </line>
    <line>
      <![CDATA[Success percent for br-e26: 92.49357326478149]]>
    </line>
    <line>
      <![CDATA[Success percent for br-e27: 88.25561312607945]]>
    </line>
    <line>
      <![CDATA[Success percent for br-e28: 92.36479321314953]]>
    </line>
    <line>
      <![CDATA[Success percent for br-e30: 92.38341968911917]]>
    </line>
    <line>
      <![CDATA[Success percent for br-e31: 91.37566137566138]]>
    </line>
    <line>
      <![CDATA[Success percent for br-f08: 90.72538860103627]]>
    </line>
    <line>
      <![CDATA[Success percent for br-f13: 92.54563894523326]]>
    </line>
    <line>
      <![CDATA[Success percent for br-f14: 92.0553562275756]]>
    </line>
    <line>
      <![CDATA[Success percent for br-f15: 93.57218124341412]]>
    </line>
    <line>
      <![CDATA[Success percent for br-f16: 91.29287598944592]]>
    </line>
    <line>
      <![CDATA[Success percent for br-f17: 92.27882037533512]]>
    </line>
    <line>
      <![CDATA[Success percent for br-f18: 90.18789144050105]]>
    </line>
    <line>
      <![CDATA[Success percent for br-f20: 92.11746522411129]]>
    </line>
    <line>
      <![CDATA[Success percent for br-f21: 93.1159420289855]]>
    </line>
    <line>
      <![CDATA[Success percent for br-f22: 91.48717948717949]]>
    </line>
    <line>
      <![CDATA[Success percent for br-f23: 94.00206825232678]]>
    </line>
    <line>
      <![CDATA[Success percent for br-f24: 90.8039936941671]]>
    </line>
    <line>
      <![CDATA[Success percent for br-f25: 91.5360501567398]]>
    </line>
    <line>
      <![CDATA[Success percent for br-f33: 91.85185185185185]]>
    </line>
    <line>
      <![CDATA[Success percent for br-f44: 93.52667011910927]]>
    </line>
    <line>
      <![CDATA[Success percent for br-g12: 92.71255060728745]]>
    </line>
    <line>
      <![CDATA[Success percent for br-g14: 90.83166332665331]]>
    </line>
    <line>
      <![CDATA[Success percent for br-g16: 91.41414141414141]]>
    </line>
    <line>
      <![CDATA[Success percent for br-g17: 90.95554420030659]]>
    </line>
    <line>
      <![CDATA[Success percent for br-g18: 92.76485788113695]]>
    </line>
    <line>
      <![CDATA[Success percent for br-g19: 92.22042139384116]]>
    </line>
    <line>
      <![CDATA[Success percent for br-g20: 91.467750126968]]>
    </line>
    <line>
      <![CDATA[Success percent for br-g21: 92.23817118553961]]>
    </line>
    <line>
      <![CDATA[Success percent for br-g22: 93.79168804515136]]>
    </line>
    <line>
      <![CDATA[Success percent for br-g23: 93.40314136125654]]>
    </line>
    <line>
      <![CDATA[Success percent for br-g28: 93.6159079016222]]>
    </line>
    <line>
      <![CDATA[Success percent for br-g31: 92.01461377870564]]>
    </line>
    <line>
      <![CDATA[Success percent for br-g39: 91.93037974683544]]>
    </line>
    <line>
      <![CDATA[Success percent for br-g43: 92.41486068111455]]>
    </line>
    <line>
      <![CDATA[Success percent for br-g44: 92.45087900723888]]>
    </line>
    <line>
      <![CDATA[Success percent for br-h09: 91.65354330708661]]>
    </line>
    <line>
      <![CDATA[Success percent for br-h11: 91.49159663865547]]>
    </line>
    <line>
      <![CDATA[Success percent for br-h12: 91.66229680125852]]>
    </line>
    <line>
      <![CDATA[Success percent for br-h13: 92.17210990150338]]>
    </line>
    <line>
      <![CDATA[Success percent for br-h14: 85.70686070686071]]>
    </line>
    <line>
      <![CDATA[Success percent for br-h15: 90.73694984646878]]>
    </line>
    <line>
      <![CDATA[Success percent for br-h16: 93.31952356292076]]>
    </line>
    <line>
      <![CDATA[Success percent for br-h17: 93.77734564900341]]>
    </line>
    <line>
      <![CDATA[Success percent for br-h18: 93.04257528556595]]>
    </line>
    <line>
      <![CDATA[Success percent for br-h21: 91.53306613226454]]>
    </line>
    <line>
      <![CDATA[Success percent for br-h24: 90.15889287544849]]>
    </line>
    <line>
      <![CDATA[Success percent for br-j29: 91.65386584741424]]>
    </line>
    <line>
      <![CDATA[Success percent for br-j30: 91.26614987080103]]>
    </line>
    <line>
      <![CDATA[Success percent for br-j31: 91.0941475826972]]>
    </line>
    <line>
      <![CDATA[Success percent for br-j32: 92.88238263503281]]>
    </line>
    <line>
      <![CDATA[Success percent for br-j33: 91.57472417251755]]>
    </line>
    <line>
      <![CDATA[Success percent for br-j34: 93.01470588235294]]>
    </line>
    <line>
      <![CDATA[Success percent for br-j35: 86.90416457601606]]>
    </line>
    <line>
      <![CDATA[Success percent for br-j38: 91.08910891089108]]>
    </line>
    <line>
      <![CDATA[Success percent for br-j41: 90.62816616008105]]>
    </line>
    <line>
      <![CDATA[Success percent for br-j42: 92.45867768595042]]>
    </line>
    <line>
      <![CDATA[Success percent for br-l08: 89.05775075987842]]>
    </line>
    <line>
      <![CDATA[Success percent for br-l09: 92.38427078148332]]>
    </line>
    <line>
      <![CDATA[Success percent for br-l10: 90.53916581892167]]>
    </line>
    <line>
      <![CDATA[Success percent for br-l13: 89.89388580090954]]>
    </line>
    <line>
      <![CDATA[Success percent for br-l14: 91.14391143911439]]>
    </line>
    <line>
      <![CDATA[Success percent for br-l15: 91.22715404699738]]>
    </line>
    <line>
      <![CDATA[Success percent for br-l16: 92.67676767676768]]>
    </line>
    <line>
      <![CDATA[Success percent for br-l17: 90.33264033264034]]>
    </line>
    <line>
      <![CDATA[Success percent for br-l18: 92.31974921630093]]>
    </line>
    <line>
      <![CDATA[Success percent for br-n09: 91.34177215189874]]>
    </line>
    <line>
      <![CDATA[Success percent for br-n10: 91.48393676695564]]>
    </line>
    <line>
      <![CDATA[Success percent for br-n11: 91.71747967479675]]>
    </line>
    <line>
      <![CDATA[Success percent for br-n12: 91.82763744427935]]>
    </line>
    <line>
      <![CDATA[Success percent for br-n14: 91.29554655870446]]>
    </line>
    <line>
      <![CDATA[Success percent for br-n15: 91.95928753180661]]>
    </line>
    <line>
      <![CDATA[Success percent for br-n16: 86.92579505300353]]>
    </line>
    <line>
      <![CDATA[Success percent for br-n17: 90.9090909090909]]>
    </line>
    <line>
      <![CDATA[Success percent for br-n20: 92.02020202020202]]>
    </line>
    <line>
      <![CDATA[Success percent for br-p07: 90.95528455284553]]>
    </line>
    <line>
      <![CDATA[Success percent for br-p09: 92.65770423991727]]>
    </line>
    <line>
      <![CDATA[Success percent for br-p10: 91.31979695431473]]>
    </line>
    <line>
      <![CDATA[Success percent for br-p12: 92.96714579055441]]>
    </line>
    <line>
      <![CDATA[Success percent for br-p24: 90.3896103896104]]>
    </line>
    <line>
      <![CDATA[Success percent for br-r04: 91.14255765199161]]>
    </line>
    <line>
      <![CDATA[Success percent for br-a03: 95.18973810796365]]>
    </line>
    <line>
      <![CDATA[Success percent for br-a04: 94.18162044589451]]>
    </line>
    <line>
      <![CDATA[Success percent for br-a05: 95.2304394426581]]>
    </line>
    <line>
      <![CDATA[Success percent for br-a06: 95.08639308855291]]>
    </line>
    <line>
      <![CDATA[Success percent for br-a07: 95.26401741970604]]>
    </line>
    <line>
      <![CDATA[Success percent for br-a08: 95.36279323513367]]>
    </line>
    <line>
      <![CDATA[Success percent for br-a09: 96.47964796479648]]>
    </line>
    <line>
      <![CDATA[Success percent for br-a10: 95.97130242825607]]>
    </line>
    <line>
      <![CDATA[Success percent for br-a16: 94.86754966887418]]>
    </line>
    <line>
      <![CDATA[Success percent for br-a17: 95.15652687536917]]>
    </line>
    <line>
      <![CDATA[Success percent for br-a18: 96.70128283445327]]>
    </line>
    <line>
      <![CDATA[Success percent for br-a19: 94.67488789237669]]>
    </line>
    <line>
      <![CDATA[Success percent for br-a20: 94.19595314164005]]>
    </line>
    <line>
      <![CDATA[Success percent for br-a21: 96.26168224299066]]>
    </line>
    <line>
      <![CDATA[Success percent for br-a22: 96.02612955906369]]>
    </line>
    <line>
      <![CDATA[Success percent for br-a23: 95.21396396396396]]>
    </line>
    <line>
      <![CDATA[Success percent for br-a24: 95.66630552546046]]>
    </line>
    <line>
      <![CDATA[Success percent for br-a25: 96.35274904735982]]>
    </line>
    <line>
      <![CDATA[Success percent for br-a26: 94.63414634146342]]>
    </line>
    <line>
      <![CDATA[Success percent for br-a27: 95.69197630586969]]>
    </line>
    <line>
      <![CDATA[Success percent for br-a28: 95.3231739358907]]>
    </line>
    <line>
      <![CDATA[Success percent for br-a29: 94.11764705882354]]>
    </line>
    <line>
      <![CDATA[Success percent for br-a30: 94.09817981246553]]>
    </line>
    <line>
      <![CDATA[Success percent for br-a31: 95.02212389380531]]>
    </line>
    <line>
      <![CDATA[Success percent for br-a32: 94.18729817007535]]>
    </line>
    <line>
      <![CDATA[Success percent for br-a33: 95.14767932489451]]>
    </line>
    <line>
      <![CDATA[Success percent for br-a34: 95.28601694915254]]>
    </line>
    <line>
      <![CDATA[Success percent for br-a35: 94.35146443514644]]>
    </line>
    <line>
      <![CDATA[Success percent for br-a36: 93.47826086956522]]>
    </line>
    <line>
      <![CDATA[Success percent for br-a37: 95.28907922912205]]>
    </line>
    <line>
      <![CDATA[Success percent for br-a38: 93.95491803278688]]>
    </line>
    <line>
      <![CDATA[Success percent for br-a39: 95.51214361140444]]>
    </line>
    <line>
      <![CDATA[Success percent for br-a40: 94.78947368421052]]>
    </line>
    <line>
      <![CDATA[Success percent for br-a41: 94.60317460317461]]>
    </line>
    <line>
      <![CDATA[Success percent for br-a42: 93.6830835117773]]>
    </line>
    <line>
      <![CDATA[Success percent for br-a43: 93.01956636700159]]>
    </line>
    <line>
      <![CDATA[Success percent for br-a44: 94.68030690537084]]>
    </line>
    <line>
      <![CDATA[Success percent for br-b01: 94.19109663409338]]>
    </line>
    <line>
      <![CDATA[Success percent for br-b02: 95.02382212811011]]>
    </line>
    <line>
      <![CDATA[Success percent for br-b03: 95.2076677316294]]>
    </line>
    <line>
      <![CDATA[Success percent for br-b04: 94.98666666666666]]>
    </line>
    <line>
      <![CDATA[Success percent for br-b05: 93.6735778841042]]>
    </line>
    <line>
      <![CDATA[Success percent for br-b06: 94.88545551411828]]>
    </line>
    <line>
      <![CDATA[Success percent for br-b07: 94.79277364505845]]>
    </line>
    <line>
      <![CDATA[Success percent for br-b08: 93.87651821862349]]>
    </line>
    <line>
      <![CDATA[Success percent for br-b09: 93.73368146214099]]>
    </line>
    <line>
      <![CDATA[Success percent for br-b10: 92.6919032597266]]>
    </line>
    <line>
      <![CDATA[Success percent for br-b11: 93.7130574959699]]>
    </line>
    <line>
      <![CDATA[Success percent for br-b12: 94.07286568787384]]>
    </line>
    <line>
      <![CDATA[Success percent for br-b14: 94.14893617021276]]>
    </line>
    <line>
      <![CDATA[Success percent for br-b15: 93.6532507739938]]>
    </line>
    <line>
      <![CDATA[Success percent for br-b16: 94.48428019856591]]>
    </line>
    <line>
      <![CDATA[Success percent for br-b17: 93.99141630901288]]>
    </line>
    <line>
      <![CDATA[Success percent for br-b18: 93.95138496325607]]>
    </line>
    <line>
      <![CDATA[Success percent for br-b19: 93.55568117580555]]>
    </line>
    <line>
      <![CDATA[Success percent for br-b21: 93.8453445554971]]>
    </line>
    <line>
      <![CDATA[Success percent for br-b22: 94.0040650406504]]>
    </line>
    <line>
      <![CDATA[Success percent for br-b23: 93.22647362978283]]>
    </line>
    <line>
      <![CDATA[Success percent for br-b24: 92.80730005367687]]>
    </line>
    <line>
      <![CDATA[Success percent for br-b25: 93.55844155844156]]>
    </line>
    <line>
      <![CDATA[Success percent for br-b26: 93.51000540832882]]>
    </line>
    <line>
      <![CDATA[Success percent for br-b27: 94.11452810180276]]>
    </line>
    <line>
      <![CDATA[Success percent for br-c03: 94.3064182194617]]>
    </line>
    <line>
      <![CDATA[Success percent for br-c05: 92.91944586967676]]>
    </line>
    <line>
      <![CDATA[Success percent for br-c06: 94.80582524271844]]>
    </line>
    <line>
      <![CDATA[Success percent for br-c07: 93.21857068335942]]>
    </line>
    <line>
      <![CDATA[Success percent for br-c08: 93.31226961558716]]>
    </line>
    <line>
      <![CDATA[Success percent for br-c09: 94.36997319034853]]>
    </line>
    <line>
      <![CDATA[Success percent for br-c10: 95.99797365754813]]>
    </line>
    <line>
      <![CDATA[Success percent for br-c11: 93.66125760649088]]>
    </line>
    <line>
      <![CDATA[Success percent for br-c12: 94.27109974424552]]>
    </line>
    <line>
      <![CDATA[Success percent for br-c13: 94.70372312532774]]>
    </line>
    <line>
      <![CDATA[Success percent for br-c14: 93.764761454889]]>
    </line>
    <line>
      <![CDATA[Success percent for br-c15: 93.92405063291139]]>
    </line>
    <line>
      <![CDATA[Success percent for br-c16: 94.37206878582595]]>
    </line>
    <line>
      <![CDATA[Success percent for br-c17: 92.5828511309837]]>
    </line>
    <line>
      <![CDATA[Success percent for br-d05: 94.51038575667656]]>
    </line>
    <line>
      <![CDATA[Success percent for br-d06: 93.67547952306894]]>
    </line>
    <line>
      <![CDATA[Success percent for br-d07: 93.22381930184805]]>
    </line>
    <line>
      <![CDATA[Success percent for br-d08: 94.04077365394669]]>
    </line>
    <line>
      <![CDATA[Success percent for br-d09: 95.93023255813954]]>
    </line>
    <line>
      <![CDATA[Success percent for br-d10: 93.97402597402598]]>
    </line>
    <line>
      <![CDATA[Success percent for br-d11: 93.22647362978283]]>
    </line>
    <line>
      <![CDATA[Success percent for br-d12: 94.76412649040954]]>
    </line>
    <line>
      <![CDATA[Success percent for br-d13: 93.38541666666667]]>
    </line>
    <line>
      <![CDATA[Success percent for br-d14: 93.75]]>
    </line>
    <line>
      <![CDATA[Success percent for br-d15: 93.94096323148628]]>
    </line>
    <line>
      <![CDATA[Success percent for br-d16: 94.65427077280651]]>
    </line>
    <line>
      <![CDATA[Success percent for br-d17: 94.96626881162429]]>
    </line>
    <line>
      <![CDATA[Success percent for br-e03: 94.92753623188406]]>
    </line>
    <line>
      <![CDATA[Success percent for br-e05: 93.91304347826087]]>
    </line>
    <line>
      <![CDATA[Success percent for br-e06: 93.34389857369256]]>
    </line>
    <line>
      <![CDATA[Success percent for br-e07: 90.38461538461539]]>
    </line>
    <line>
      <![CDATA[Success percent for br-e08: 94.64847848898216]]>
    </line>
    <line>
      <![CDATA[Success percent for br-e09: 93.05480195333695]]>
    </line>
    <line>
      <![CDATA[Success percent for br-e10: 93.79990605918272]]>
    </line>
    <line>
      <![CDATA[Success percent for br-e11: 93.56512714063311]]>
    </line>
    <line>
      <![CDATA[Success percent for br-e12: 95.13108614232209]]>
    </line>
    <line>
      <![CDATA[Success percent for br-e13: 92.76914836636315]]>
    </line>
    <line>
      <![CDATA[Success percent for br-e14: 90.20833333333333]]>
    </line>
    <line>
      <![CDATA[Success percent for br-e15: 86.78552700576822]]>
    </line>
    <line>
      <![CDATA[Success percent for br-e16: 91.44905273937532]]>
    </line>
    <line>
      <![CDATA[Success percent for br-e17: 92.93933054393305]]>
    </line>
    <line>
      <![CDATA[Success percent for br-e18: 94.87315010570825]]>
    </line>
    <line>
      <![CDATA[Success percent for br-e19: 92.8944618599791]]>
    </line>
    <line>
      <![CDATA[Success percent for br-e20: 92.81282316442606]]>
    </line>
    <line>
      <![CDATA[Success percent for br-f01: 93.58178053830228]]>
    </line>
    <line>
      <![CDATA[Success percent for br-f02: 93.98099260823653]]>
    </line>
    <line>
      <![CDATA[Success percent for br-f04: 93.49680170575692]]>
    </line>
    <line>
      <![CDATA[Success percent for br-f05: 93.25544344131704]]>
    </line>
    <line>
      <![CDATA[Success percent for br-f06: 92.95558958652373]]>
    </line>
    <line>
      <![CDATA[Success percent for br-f07: 94.80185280494081]]>
    </line>
    <line>
      <![CDATA[Success percent for br-f09: 94.46764091858037]]>
    </line>
    <line>
      <![CDATA[Success percent for br-f11: 93.7789203084833]]>
    </line>
    <line>
      <![CDATA[Success percent for br-f12: 94.11151641479937]]>
    </line>
    <line>
      <![CDATA[Success percent for br-g02: 93.50180505415163]]>
    </line>
    <line>
      <![CDATA[Success percent for br-g03: 94.82758620689656]]>
    </line>
    <line>
      <![CDATA[Success percent for br-g04: 94.2413620430646]]>
    </line>
    <line>
      <![CDATA[Success percent for br-g05: 92.83551967709384]]>
    </line>
    <line>
      <![CDATA[Success percent for br-g06: 94.31760527650938]]>
    </line>
    <line>
      <![CDATA[Success percent for br-g07: 94.84481851657023]]>
    </line>
    <line>
      <![CDATA[Success percent for br-g08: 93.59041167274623]]>
    </line>
    <line>
      <![CDATA[Success percent for br-g09: 94.38722966014419]]>
    </line>
    <line>
      <![CDATA[Success percent for br-g10: 95.04388229220444]]>
    </line>
    <line>
      <![CDATA[Success percent for br-g13: 93.9425587467363]]>
    </line>
    <line>
      <![CDATA[Success percent for br-h02: 94.3954333160353]]>
    </line>
    <line>
      <![CDATA[Success percent for br-h03: 94.59604066345639]]>
    </line>
    <line>
      <![CDATA[Success percent for br-h04: 95.07439712673165]]>
    </line>
    <line>
      <![CDATA[Success percent for br-h05: 94.27194860813705]]>
    </line>
    <line>
      <![CDATA[Success percent for br-h06: 95.7172342621259]]>
    </line>
    <line>
      <![CDATA[Success percent for br-h07: 93.06207616066771]]>
    </line>
    <line>
      <![CDATA[Success percent for br-h08: 94.73684210526316]]>
    </line>
    <line>
      <![CDATA[Success percent for br-h10: 95.04357298474946]]>
    </line>
    <line>
      <![CDATA[Success percent for br-j21: 89.61614173228347]]>
    </line>
    <line>
      <![CDATA[Success percent for br-j24: 94.8098663926002]]>
    </line>
    <line>
      <![CDATA[Success percent for br-j25: 94.85714285714286]]>
    </line>
    <line>
      <![CDATA[Success percent for br-j26: 94.84316852737905]]>
    </line>
    <line>
      <![CDATA[Success percent for br-j27: 93.25605900948366]]>
    </line>
    <line>
      <![CDATA[Success percent for br-j28: 93.96984924623115]]>
    </line>
    <line>
      <![CDATA[Success percent for br-l01: 93.81761978361669]]>
    </line>
    <line>
      <![CDATA[Success percent for br-l02: 92.52814738996929]]>
    </line>
    <line>
      <![CDATA[Success percent for br-l03: 93.52554375316136]]>
    </line>
    <line>
      <![CDATA[Success percent for br-l04: 92.97241020301927]]>
    </line>
    <line>
      <![CDATA[Success percent for br-l05: 92.95991778006166]]>
    </line>
    <line>
      <![CDATA[Success percent for br-l06: 93.09989701338826]]>
    </line>
    <line>
      <![CDATA[Success percent for br-l07: 93.17476732161323]]>
    </line>
    <line>
      <![CDATA[Success percent for br-m03: 92.87941787941787]]>
    </line>
    <line>
      <![CDATA[Success percent for br-m04: 93.26186830015314]]>
    </line>
    <line>
      <![CDATA[Success percent for br-m05: 95.31410916580845]]>
    </line>
    <line>
      <![CDATA[Success percent for br-m06: 94.0494200706001]]>
    </line>
    <line>
      <![CDATA[Success percent for br-n01: 93.09815950920245]]>
    </line>
    <line>
      <![CDATA[Success percent for br-n02: 95.22132796780684]]>
    </line>
    <line>
      <![CDATA[Success percent for br-n03: 93.72750642673522]]>
    </line>
    <line>
      <![CDATA[Success percent for br-n04: 92.96636085626912]]>
    </line>
    <line>
      <![CDATA[Success percent for br-n06: 94.28718476582604]]>
    </line>
    <line>
      <![CDATA[Success percent for br-n07: 94.52610238215915]]>
    </line>
    <line>
      <![CDATA[Success percent for br-n08: 93.97528321318228]]>
    </line>
    <line>
      <![CDATA[Success percent for br-p02: 93.55828220858896]]>
    </line>
    <line>
      <![CDATA[Success percent for br-p03: 93.2446264073695]]>
    </line>
    <line>
      <![CDATA[Success percent for br-p04: 92.95573536411233]]>
    </line>
    <line>
      <![CDATA[Success percent for br-p05: 93.54330708661418]]>
    </line>
    <line>
      <![CDATA[Success percent for br-p06: 93.35317460317461]]>
    </line>
    <line>
      <![CDATA[Success percent for br-p08: 93.66958311888831]]>
    </line>
    <line>
      <![CDATA[Success percent for br-r01: 94.71794871794872]]>
    </line>
    <line>
      <![CDATA[Success percent for br-r02: 94.63464486458865]]>
    </line>
    <line>
      <![CDATA[Success percent for br-r03: 94.37037037037037]]>
    </line>
    <line>
      <![CDATA[Overall Stanford POS-tagger success percent: 92.66708125953431]]>
    </line>
  </reporter-output>
  <suite name="Report" duration-ms="44676" started-at="2012-06-17T15:08:56Z" finished-at="2012-06-17T15:09:41Z">
    <groups>
    </groups>
    <test name="Default test" duration-ms="44676" started-at="2012-06-17T15:08:56Z" finished-at="2012-06-17T15:09:41Z">
      <class name="Test.StanfordPOSTaggerManagerTest">
        <test-method status="PASS" signature="tagSentence(Objects.JPDocument, Objects.JPDocument)[pri:0, instance:Test.StanfordPOSTaggerManagerTest@10d09ad3]" name="tagSentence" duration-ms="4509" started-at="2012-06-17T15:08:59Z" data-provider="generate-sentences" finished-at="2012-06-17T15:09:04Z">
          <params>
            <param index="0">
              <value>
                <![CDATA[Objects.JPDocument@2d6acad2]]>
              </value>
            </param>
            <param index="1">
              <value>
                <![CDATA[Objects.JPDocument@3e29b849]]>
              </value>
            </param>
          </params>
        </test-method> <!-- tagSentence -->
        <test-method status="PASS" signature="tagSentence(Objects.JPDocument, Objects.JPDocument)[pri:0, instance:Test.StanfordPOSTaggerManagerTest@10d09ad3]" name="tagSentence" duration-ms="157" started-at="2012-06-17T15:09:04Z" data-provider="generate-sentences" finished-at="2012-06-17T15:09:04Z">
          <params>
            <param index="0">
              <value>
                <![CDATA[Objects.JPDocument@4f0e284f]]>
              </value>
            </param>
            <param index="1">
              <value>
                <![CDATA[Objects.JPDocument@2a788315]]>
              </value>
            </param>
          </params>
        </test-method> <!-- tagSentence -->
        <test-method status="PASS" signature="tagSentence(Objects.JPDocument, Objects.JPDocument)[pri:0, instance:Test.StanfordPOSTaggerManagerTest@10d09ad3]" name="tagSentence" duration-ms="182" started-at="2012-06-17T15:09:04Z" data-provider="generate-sentences" finished-at="2012-06-17T15:09:04Z">
          <params>
            <param index="0">
              <value>
                <![CDATA[Objects.JPDocument@7e91259]]>
              </value>
            </param>
            <param index="1">
              <value>
                <![CDATA[Objects.JPDocument@56b3951d]]>
              </value>
            </param>
          </params>
        </test-method> <!-- tagSentence -->
        <test-method status="PASS" signature="tagSentence(Objects.JPDocument, Objects.JPDocument)[pri:0, instance:Test.StanfordPOSTaggerManagerTest@10d09ad3]" name="tagSentence" duration-ms="130" started-at="2012-06-17T15:09:04Z" data-provider="generate-sentences" finished-at="2012-06-17T15:09:04Z">
          <params>
            <param index="0">
              <value>
                <![CDATA[Objects.JPDocument@146ccf3e]]>
              </value>
            </param>
            <param index="1">
              <value>
                <![CDATA[Objects.JPDocument@7399f9eb]]>
              </value>
            </param>
          </params>
        </test-method> <!-- tagSentence -->
        <test-method status="PASS" signature="tagSentence(Objects.JPDocument, Objects.JPDocument)[pri:0, instance:Test.StanfordPOSTaggerManagerTest@10d09ad3]" name="tagSentence" duration-ms="182" started-at="2012-06-17T15:09:04Z" data-provider="generate-sentences" finished-at="2012-06-17T15:09:05Z">
          <params>
            <param index="0">
              <value>
                <![CDATA[Objects.JPDocument@161e14f0]]>
              </value>
            </param>
            <param index="1">
              <value>
                <![CDATA[Objects.JPDocument@10f0a3e8]]>
              </value>
            </param>
          </params>
        </test-method> <!-- tagSentence -->
        <test-method status="PASS" signature="tagSentence(Objects.JPDocument, Objects.JPDocument)[pri:0, instance:Test.StanfordPOSTaggerManagerTest@10d09ad3]" name="tagSentence" duration-ms="145" started-at="2012-06-17T15:09:05Z" data-provider="generate-sentences" finished-at="2012-06-17T15:09:05Z">
          <params>
            <param index="0">
              <value>
                <![CDATA[Objects.JPDocument@2cfa930d]]>
              </value>
            </param>
            <param index="1">
              <value>
                <![CDATA[Objects.JPDocument@76cc518c]]>
              </value>
            </param>
          </params>
        </test-method> <!-- tagSentence -->
        <test-method status="PASS" signature="tagSentence(Objects.JPDocument, Objects.JPDocument)[pri:0, instance:Test.StanfordPOSTaggerManagerTest@10d09ad3]" name="tagSentence" duration-ms="161" started-at="2012-06-17T15:09:05Z" data-provider="generate-sentences" finished-at="2012-06-17T15:09:05Z">
          <params>
            <param index="0">
              <value>
                <![CDATA[Objects.JPDocument@53623820]]>
              </value>
            </param>
            <param index="1">
              <value>
                <![CDATA[Objects.JPDocument@5552e7a4]]>
              </value>
            </param>
          </params>
        </test-method> <!-- tagSentence -->
        <test-method status="PASS" signature="tagSentence(Objects.JPDocument, Objects.JPDocument)[pri:0, instance:Test.StanfordPOSTaggerManagerTest@10d09ad3]" name="tagSentence" duration-ms="146" started-at="2012-06-17T15:09:05Z" data-provider="generate-sentences" finished-at="2012-06-17T15:09:05Z">
          <params>
            <param index="0">
              <value>
                <![CDATA[Objects.JPDocument@6d4b473]]>
              </value>
            </param>
            <param index="1">
              <value>
                <![CDATA[Objects.JPDocument@7692ed85]]>
              </value>
            </param>
          </params>
        </test-method> <!-- tagSentence -->
        <test-method status="PASS" signature="tagSentence(Objects.JPDocument, Objects.JPDocument)[pri:0, instance:Test.StanfordPOSTaggerManagerTest@10d09ad3]" name="tagSentence" duration-ms="106" started-at="2012-06-17T15:09:05Z" data-provider="generate-sentences" finished-at="2012-06-17T15:09:05Z">
          <params>
            <param index="0">
              <value>
                <![CDATA[Objects.JPDocument@157ee3e5]]>
              </value>
            </param>
            <param index="1">
              <value>
                <![CDATA[Objects.JPDocument@3da3da69]]>
              </value>
            </param>
          </params>
        </test-method> <!-- tagSentence -->
        <test-method status="PASS" signature="tagSentence(Objects.JPDocument, Objects.JPDocument)[pri:0, instance:Test.StanfordPOSTaggerManagerTest@10d09ad3]" name="tagSentence" duration-ms="164" started-at="2012-06-17T15:09:05Z" data-provider="generate-sentences" finished-at="2012-06-17T15:09:05Z">
          <params>
            <param index="0">
              <value>
                <![CDATA[Objects.JPDocument@178af9c0]]>
              </value>
            </param>
            <param index="1">
              <value>
                <![CDATA[Objects.JPDocument@2512b853]]>
              </value>
            </param>
          </params>
        </test-method> <!-- tagSentence -->
        <test-method status="PASS" signature="tagSentence(Objects.JPDocument, Objects.JPDocument)[pri:0, instance:Test.StanfordPOSTaggerManagerTest@10d09ad3]" name="tagSentence" duration-ms="117" started-at="2012-06-17T15:09:05Z" data-provider="generate-sentences" finished-at="2012-06-17T15:09:05Z">
          <params>
            <param index="0">
              <value>
                <![CDATA[Objects.JPDocument@64e48e45]]>
              </value>
            </param>
            <param index="1">
              <value>
                <![CDATA[Objects.JPDocument@593887c2]]>
              </value>
            </param>
          </params>
        </test-method> <!-- tagSentence -->
        <test-method status="PASS" signature="tagSentence(Objects.JPDocument, Objects.JPDocument)[pri:0, instance:Test.StanfordPOSTaggerManagerTest@10d09ad3]" name="tagSentence" duration-ms="124" started-at="2012-06-17T15:09:05Z" data-provider="generate-sentences" finished-at="2012-06-17T15:09:06Z">
          <params>
            <param index="0">
              <value>
                <![CDATA[Objects.JPDocument@1ea4daa3]]>
              </value>
            </param>
            <param index="1">
              <value>
                <![CDATA[Objects.JPDocument@590e130c]]>
              </value>
            </param>
          </params>
        </test-method> <!-- tagSentence -->
        <test-method status="PASS" signature="tagSentence(Objects.JPDocument, Objects.JPDocument)[pri:0, instance:Test.StanfordPOSTaggerManagerTest@10d09ad3]" name="tagSentence" duration-ms="72" started-at="2012-06-17T15:09:06Z" data-provider="generate-sentences" finished-at="2012-06-17T15:09:06Z">
          <params>
            <param index="0">
              <value>
                <![CDATA[Objects.JPDocument@189ddde9]]>
              </value>
            </param>
            <param index="1">
              <value>
                <![CDATA[Objects.JPDocument@2453f89f]]>
              </value>
            </param>
          </params>
        </test-method> <!-- tagSentence -->
        <test-method status="PASS" signature="tagSentence(Objects.JPDocument, Objects.JPDocument)[pri:0, instance:Test.StanfordPOSTaggerManagerTest@10d09ad3]" name="tagSentence" duration-ms="99" started-at="2012-06-17T15:09:06Z" data-provider="generate-sentences" finished-at="2012-06-17T15:09:06Z">
          <params>
            <param index="0">
              <value>
                <![CDATA[Objects.JPDocument@76612ef6]]>
              </value>
            </param>
            <param index="1">
              <value>
                <![CDATA[Objects.JPDocument@66525531]]>
              </value>
            </param>
          </params>
        </test-method> <!-- tagSentence -->
        <test-method status="PASS" signature="tagSentence(Objects.JPDocument, Objects.JPDocument)[pri:0, instance:Test.StanfordPOSTaggerManagerTest@10d09ad3]" name="tagSentence" duration-ms="120" started-at="2012-06-17T15:09:06Z" data-provider="generate-sentences" finished-at="2012-06-17T15:09:06Z">
          <params>
            <param index="0">
              <value>
                <![CDATA[Objects.JPDocument@52a53948]]>
              </value>
            </param>
            <param index="1">
              <value>
                <![CDATA[Objects.JPDocument@5d53d05b]]>
              </value>
            </param>
          </params>
        </test-method> <!-- tagSentence -->
        <test-method status="PASS" signature="tagSentence(Objects.JPDocument, Objects.JPDocument)[pri:0, instance:Test.StanfordPOSTaggerManagerTest@10d09ad3]" name="tagSentence" duration-ms="90" started-at="2012-06-17T15:09:06Z" data-provider="generate-sentences" finished-at="2012-06-17T15:09:06Z">
          <params>
            <param index="0">
              <value>
                <![CDATA[Objects.JPDocument@1224b90]]>
              </value>
            </param>
            <param index="1">
              <value>
                <![CDATA[Objects.JPDocument@728edb84]]>
              </value>
            </param>
          </params>
        </test-method> <!-- tagSentence -->
        <test-method status="PASS" signature="tagSentence(Objects.JPDocument, Objects.JPDocument)[pri:0, instance:Test.StanfordPOSTaggerManagerTest@10d09ad3]" name="tagSentence" duration-ms="114" started-at="2012-06-17T15:09:06Z" data-provider="generate-sentences" finished-at="2012-06-17T15:09:06Z">
          <params>
            <param index="0">
              <value>
                <![CDATA[Objects.JPDocument@f7b650a]]>
              </value>
            </param>
            <param index="1">
              <value>
                <![CDATA[Objects.JPDocument@6e267b76]]>
              </value>
            </param>
          </params>
        </test-method> <!-- tagSentence -->
        <test-method status="PASS" signature="tagSentence(Objects.JPDocument, Objects.JPDocument)[pri:0, instance:Test.StanfordPOSTaggerManagerTest@10d09ad3]" name="tagSentence" duration-ms="109" started-at="2012-06-17T15:09:06Z" data-provider="generate-sentences" finished-at="2012-06-17T15:09:06Z">
          <params>
            <param index="0">
              <value>
                <![CDATA[Objects.JPDocument@1ee83c97]]>
              </value>
            </param>
            <param index="1">
              <value>
                <![CDATA[Objects.JPDocument@20e1ed5b]]>
              </value>
            </param>
          </params>
        </test-method> <!-- tagSentence -->
        <test-method status="PASS" signature="tagSentence(Objects.JPDocument, Objects.JPDocument)[pri:0, instance:Test.StanfordPOSTaggerManagerTest@10d09ad3]" name="tagSentence" duration-ms="127" started-at="2012-06-17T15:09:06Z" data-provider="generate-sentences" finished-at="2012-06-17T15:09:06Z">
          <params>
            <param index="0">
              <value>
                <![CDATA[Objects.JPDocument@3fec3fed]]>
              </value>
            </param>
            <param index="1">
              <value>
                <![CDATA[Objects.JPDocument@2f590164]]>
              </value>
            </param>
          </params>
        </test-method> <!-- tagSentence -->
        <test-method status="PASS" signature="tagSentence(Objects.JPDocument, Objects.JPDocument)[pri:0, instance:Test.StanfordPOSTaggerManagerTest@10d09ad3]" name="tagSentence" duration-ms="65" started-at="2012-06-17T15:09:06Z" data-provider="generate-sentences" finished-at="2012-06-17T15:09:06Z">
          <params>
            <param index="0">
              <value>
                <![CDATA[Objects.JPDocument@cd73c3c]]>
              </value>
            </param>
            <param index="1">
              <value>
                <![CDATA[Objects.JPDocument@6b38dba]]>
              </value>
            </param>
          </params>
        </test-method> <!-- tagSentence -->
        <test-method status="PASS" signature="tagSentence(Objects.JPDocument, Objects.JPDocument)[pri:0, instance:Test.StanfordPOSTaggerManagerTest@10d09ad3]" name="tagSentence" duration-ms="68" started-at="2012-06-17T15:09:06Z" data-provider="generate-sentences" finished-at="2012-06-17T15:09:06Z">
          <params>
            <param index="0">
              <value>
                <![CDATA[Objects.JPDocument@c0dd841]]>
              </value>
            </param>
            <param index="1">
              <value>
                <![CDATA[Objects.JPDocument@60f09995]]>
              </value>
            </param>
          </params>
        </test-method> <!-- tagSentence -->
        <test-method status="PASS" signature="tagSentence(Objects.JPDocument, Objects.JPDocument)[pri:0, instance:Test.StanfordPOSTaggerManagerTest@10d09ad3]" name="tagSentence" duration-ms="87" started-at="2012-06-17T15:09:06Z" data-provider="generate-sentences" finished-at="2012-06-17T15:09:07Z">
          <params>
            <param index="0">
              <value>
                <![CDATA[Objects.JPDocument@14681070]]>
              </value>
            </param>
            <param index="1">
              <value>
                <![CDATA[Objects.JPDocument@3c0f3387]]>
              </value>
            </param>
          </params>
        </test-method> <!-- tagSentence -->
        <test-method status="PASS" signature="tagSentence(Objects.JPDocument, Objects.JPDocument)[pri:0, instance:Test.StanfordPOSTaggerManagerTest@10d09ad3]" name="tagSentence" duration-ms="88" started-at="2012-06-17T15:09:07Z" data-provider="generate-sentences" finished-at="2012-06-17T15:09:07Z">
          <params>
            <param index="0">
              <value>
                <![CDATA[Objects.JPDocument@24348ab2]]>
              </value>
            </param>
            <param index="1">
              <value>
                <![CDATA[Objects.JPDocument@757dbeaf]]>
              </value>
            </param>
          </params>
        </test-method> <!-- tagSentence -->
        <test-method status="PASS" signature="tagSentence(Objects.JPDocument, Objects.JPDocument)[pri:0, instance:Test.StanfordPOSTaggerManagerTest@10d09ad3]" name="tagSentence" duration-ms="111" started-at="2012-06-17T15:09:07Z" data-provider="generate-sentences" finished-at="2012-06-17T15:09:07Z">
          <params>
            <param index="0">
              <value>
                <![CDATA[Objects.JPDocument@1cb52598]]>
              </value>
            </param>
            <param index="1">
              <value>
                <![CDATA[Objects.JPDocument@38b72ce1]]>
              </value>
            </param>
          </params>
        </test-method> <!-- tagSentence -->
        <test-method status="PASS" signature="tagSentence(Objects.JPDocument, Objects.JPDocument)[pri:0, instance:Test.StanfordPOSTaggerManagerTest@10d09ad3]" name="tagSentence" duration-ms="110" started-at="2012-06-17T15:09:07Z" data-provider="generate-sentences" finished-at="2012-06-17T15:09:07Z">
          <params>
            <param index="0">
              <value>
                <![CDATA[Objects.JPDocument@4fb529d6]]>
              </value>
            </param>
            <param index="1">
              <value>
                <![CDATA[Objects.JPDocument@7ecdc97b]]>
              </value>
            </param>
          </params>
        </test-method> <!-- tagSentence -->
        <test-method status="PASS" signature="tagSentence(Objects.JPDocument, Objects.JPDocument)[pri:0, instance:Test.StanfordPOSTaggerManagerTest@10d09ad3]" name="tagSentence" duration-ms="88" started-at="2012-06-17T15:09:07Z" data-provider="generate-sentences" finished-at="2012-06-17T15:09:07Z">
          <params>
            <param index="0">
              <value>
                <![CDATA[Objects.JPDocument@3cee5a06]]>
              </value>
            </param>
            <param index="1">
              <value>
                <![CDATA[Objects.JPDocument@44585f2a]]>
              </value>
            </param>
          </params>
        </test-method> <!-- tagSentence -->
        <test-method status="PASS" signature="tagSentence(Objects.JPDocument, Objects.JPDocument)[pri:0, instance:Test.StanfordPOSTaggerManagerTest@10d09ad3]" name="tagSentence" duration-ms="83" started-at="2012-06-17T15:09:07Z" data-provider="generate-sentences" finished-at="2012-06-17T15:09:07Z">
          <params>
            <param index="0">
              <value>
                <![CDATA[Objects.JPDocument@10c1c428]]>
              </value>
            </param>
            <param index="1">
              <value>
                <![CDATA[Objects.JPDocument@213526b0]]>
              </value>
            </param>
          </params>
        </test-method> <!-- tagSentence -->
        <test-method status="PASS" signature="tagSentence(Objects.JPDocument, Objects.JPDocument)[pri:0, instance:Test.StanfordPOSTaggerManagerTest@10d09ad3]" name="tagSentence" duration-ms="65" started-at="2012-06-17T15:09:07Z" data-provider="generate-sentences" finished-at="2012-06-17T15:09:07Z">
          <params>
            <param index="0">
              <value>
                <![CDATA[Objects.JPDocument@4fd281f1]]>
              </value>
            </param>
            <param index="1">
              <value>
                <![CDATA[Objects.JPDocument@5511e28]]>
              </value>
            </param>
          </params>
        </test-method> <!-- tagSentence -->
        <test-method status="PASS" signature="tagSentence(Objects.JPDocument, Objects.JPDocument)[pri:0, instance:Test.StanfordPOSTaggerManagerTest@10d09ad3]" name="tagSentence" duration-ms="132" started-at="2012-06-17T15:09:07Z" data-provider="generate-sentences" finished-at="2012-06-17T15:09:07Z">
          <params>
            <param index="0">
              <value>
                <![CDATA[Objects.JPDocument@35235feb]]>
              </value>
            </param>
            <param index="1">
              <value>
                <![CDATA[Objects.JPDocument@256e588e]]>
              </value>
            </param>
          </params>
        </test-method> <!-- tagSentence -->
        <test-method status="PASS" signature="tagSentence(Objects.JPDocument, Objects.JPDocument)[pri:0, instance:Test.StanfordPOSTaggerManagerTest@10d09ad3]" name="tagSentence" duration-ms="73" started-at="2012-06-17T15:09:07Z" data-provider="generate-sentences" finished-at="2012-06-17T15:09:07Z">
          <params>
            <param index="0">
              <value>
                <![CDATA[Objects.JPDocument@510bfe2c]]>
              </value>
            </param>
            <param index="1">
              <value>
                <![CDATA[Objects.JPDocument@6a5c2445]]>
              </value>
            </param>
          </params>
        </test-method> <!-- tagSentence -->
        <test-method status="PASS" signature="tagSentence(Objects.JPDocument, Objects.JPDocument)[pri:0, instance:Test.StanfordPOSTaggerManagerTest@10d09ad3]" name="tagSentence" duration-ms="115" started-at="2012-06-17T15:09:07Z" data-provider="generate-sentences" finished-at="2012-06-17T15:09:07Z">
          <params>
            <param index="0">
              <value>
                <![CDATA[Objects.JPDocument@69066caf]]>
              </value>
            </param>
            <param index="1">
              <value>
                <![CDATA[Objects.JPDocument@24c98b07]]>
              </value>
            </param>
          </params>
        </test-method> <!-- tagSentence -->
        <test-method status="PASS" signature="tagSentence(Objects.JPDocument, Objects.JPDocument)[pri:0, instance:Test.StanfordPOSTaggerManagerTest@10d09ad3]" name="tagSentence" duration-ms="135" started-at="2012-06-17T15:09:07Z" data-provider="generate-sentences" finished-at="2012-06-17T15:09:08Z">
          <params>
            <param index="0">
              <value>
                <![CDATA[Objects.JPDocument@754340bb]]>
              </value>
            </param>
            <param index="1">
              <value>
                <![CDATA[Objects.JPDocument@124ef122]]>
              </value>
            </param>
          </params>
        </test-method> <!-- tagSentence -->
        <test-method status="PASS" signature="tagSentence(Objects.JPDocument, Objects.JPDocument)[pri:0, instance:Test.StanfordPOSTaggerManagerTest@10d09ad3]" name="tagSentence" duration-ms="98" started-at="2012-06-17T15:09:08Z" data-provider="generate-sentences" finished-at="2012-06-17T15:09:08Z">
          <params>
            <param index="0">
              <value>
                <![CDATA[Objects.JPDocument@431067af]]>
              </value>
            </param>
            <param index="1">
              <value>
                <![CDATA[Objects.JPDocument@6a07348e]]>
              </value>
            </param>
          </params>
        </test-method> <!-- tagSentence -->
        <test-method status="PASS" signature="tagSentence(Objects.JPDocument, Objects.JPDocument)[pri:0, instance:Test.StanfordPOSTaggerManagerTest@10d09ad3]" name="tagSentence" duration-ms="133" started-at="2012-06-17T15:09:08Z" data-provider="generate-sentences" finished-at="2012-06-17T15:09:08Z">
          <params>
            <param index="0">
              <value>
                <![CDATA[Objects.JPDocument@6bcf8de2]]>
              </value>
            </param>
            <param index="1">
              <value>
                <![CDATA[Objects.JPDocument@76c27ba]]>
              </value>
            </param>
          </params>
        </test-method> <!-- tagSentence -->
        <test-method status="PASS" signature="tagSentence(Objects.JPDocument, Objects.JPDocument)[pri:0, instance:Test.StanfordPOSTaggerManagerTest@10d09ad3]" name="tagSentence" duration-ms="99" started-at="2012-06-17T15:09:08Z" data-provider="generate-sentences" finished-at="2012-06-17T15:09:08Z">
          <params>
            <param index="0">
              <value>
                <![CDATA[Objects.JPDocument@2b0a141e]]>
              </value>
            </param>
            <param index="1">
              <value>
                <![CDATA[Objects.JPDocument@22aed3a5]]>
              </value>
            </param>
          </params>
        </test-method> <!-- tagSentence -->
        <test-method status="PASS" signature="tagSentence(Objects.JPDocument, Objects.JPDocument)[pri:0, instance:Test.StanfordPOSTaggerManagerTest@10d09ad3]" name="tagSentence" duration-ms="111" started-at="2012-06-17T15:09:08Z" data-provider="generate-sentences" finished-at="2012-06-17T15:09:08Z">
          <params>
            <param index="0">
              <value>
                <![CDATA[Objects.JPDocument@1ab2f2d6]]>
              </value>
            </param>
            <param index="1">
              <value>
                <![CDATA[Objects.JPDocument@5a64cd4b]]>
              </value>
            </param>
          </params>
        </test-method> <!-- tagSentence -->
        <test-method status="PASS" signature="tagSentence(Objects.JPDocument, Objects.JPDocument)[pri:0, instance:Test.StanfordPOSTaggerManagerTest@10d09ad3]" name="tagSentence" duration-ms="110" started-at="2012-06-17T15:09:08Z" data-provider="generate-sentences" finished-at="2012-06-17T15:09:08Z">
          <params>
            <param index="0">
              <value>
                <![CDATA[Objects.JPDocument@7162e79c]]>
              </value>
            </param>
            <param index="1">
              <value>
                <![CDATA[Objects.JPDocument@1453ecec]]>
              </value>
            </param>
          </params>
        </test-method> <!-- tagSentence -->
        <test-method status="PASS" signature="tagSentence(Objects.JPDocument, Objects.JPDocument)[pri:0, instance:Test.StanfordPOSTaggerManagerTest@10d09ad3]" name="tagSentence" duration-ms="76" started-at="2012-06-17T15:09:08Z" data-provider="generate-sentences" finished-at="2012-06-17T15:09:08Z">
          <params>
            <param index="0">
              <value>
                <![CDATA[Objects.JPDocument@5bb77832]]>
              </value>
            </param>
            <param index="1">
              <value>
                <![CDATA[Objects.JPDocument@6a3449a8]]>
              </value>
            </param>
          </params>
        </test-method> <!-- tagSentence -->
        <test-method status="PASS" signature="tagSentence(Objects.JPDocument, Objects.JPDocument)[pri:0, instance:Test.StanfordPOSTaggerManagerTest@10d09ad3]" name="tagSentence" duration-ms="127" started-at="2012-06-17T15:09:08Z" data-provider="generate-sentences" finished-at="2012-06-17T15:09:08Z">
          <params>
            <param index="0">
              <value>
                <![CDATA[Objects.JPDocument@78aea5cd]]>
              </value>
            </param>
            <param index="1">
              <value>
                <![CDATA[Objects.JPDocument@120773a1]]>
              </value>
            </param>
          </params>
        </test-method> <!-- tagSentence -->
        <test-method status="PASS" signature="tagSentence(Objects.JPDocument, Objects.JPDocument)[pri:0, instance:Test.StanfordPOSTaggerManagerTest@10d09ad3]" name="tagSentence" duration-ms="128" started-at="2012-06-17T15:09:08Z" data-provider="generate-sentences" finished-at="2012-06-17T15:09:08Z">
          <params>
            <param index="0">
              <value>
                <![CDATA[Objects.JPDocument@5bd44ae9]]>
              </value>
            </param>
            <param index="1">
              <value>
                <![CDATA[Objects.JPDocument@4e823618]]>
              </value>
            </param>
          </params>
        </test-method> <!-- tagSentence -->
        <test-method status="PASS" signature="tagSentence(Objects.JPDocument, Objects.JPDocument)[pri:0, instance:Test.StanfordPOSTaggerManagerTest@10d09ad3]" name="tagSentence" duration-ms="98" started-at="2012-06-17T15:09:08Z" data-provider="generate-sentences" finished-at="2012-06-17T15:09:09Z">
          <params>
            <param index="0">
              <value>
                <![CDATA[Objects.JPDocument@21c8dfe6]]>
              </value>
            </param>
            <param index="1">
              <value>
                <![CDATA[Objects.JPDocument@ae3865e]]>
              </value>
            </param>
          </params>
        </test-method> <!-- tagSentence -->
        <test-method status="PASS" signature="tagSentence(Objects.JPDocument, Objects.JPDocument)[pri:0, instance:Test.StanfordPOSTaggerManagerTest@10d09ad3]" name="tagSentence" duration-ms="121" started-at="2012-06-17T15:09:09Z" data-provider="generate-sentences" finished-at="2012-06-17T15:09:09Z">
          <params>
            <param index="0">
              <value>
                <![CDATA[Objects.JPDocument@8e1dfb1]]>
              </value>
            </param>
            <param index="1">
              <value>
                <![CDATA[Objects.JPDocument@2524e205]]>
              </value>
            </param>
          </params>
        </test-method> <!-- tagSentence -->
        <test-method status="PASS" signature="tagSentence(Objects.JPDocument, Objects.JPDocument)[pri:0, instance:Test.StanfordPOSTaggerManagerTest@10d09ad3]" name="tagSentence" duration-ms="91" started-at="2012-06-17T15:09:09Z" data-provider="generate-sentences" finished-at="2012-06-17T15:09:09Z">
          <params>
            <param index="0">
              <value>
                <![CDATA[Objects.JPDocument@4a744a4d]]>
              </value>
            </param>
            <param index="1">
              <value>
                <![CDATA[Objects.JPDocument@18ba2b6b]]>
              </value>
            </param>
          </params>
        </test-method> <!-- tagSentence -->
        <test-method status="PASS" signature="tagSentence(Objects.JPDocument, Objects.JPDocument)[pri:0, instance:Test.StanfordPOSTaggerManagerTest@10d09ad3]" name="tagSentence" duration-ms="102" started-at="2012-06-17T15:09:09Z" data-provider="generate-sentences" finished-at="2012-06-17T15:09:09Z">
          <params>
            <param index="0">
              <value>
                <![CDATA[Objects.JPDocument@309b3e5e]]>
              </value>
            </param>
            <param index="1">
              <value>
                <![CDATA[Objects.JPDocument@201ba640]]>
              </value>
            </param>
          </params>
        </test-method> <!-- tagSentence -->
        <test-method status="PASS" signature="tagSentence(Objects.JPDocument, Objects.JPDocument)[pri:0, instance:Test.StanfordPOSTaggerManagerTest@10d09ad3]" name="tagSentence" duration-ms="128" started-at="2012-06-17T15:09:09Z" data-provider="generate-sentences" finished-at="2012-06-17T15:09:09Z">
          <params>
            <param index="0">
              <value>
                <![CDATA[Objects.JPDocument@46cfd22a]]>
              </value>
            </param>
            <param index="1">
              <value>
                <![CDATA[Objects.JPDocument@75eee7b7]]>
              </value>
            </param>
          </params>
        </test-method> <!-- tagSentence -->
        <test-method status="PASS" signature="tagSentence(Objects.JPDocument, Objects.JPDocument)[pri:0, instance:Test.StanfordPOSTaggerManagerTest@10d09ad3]" name="tagSentence" duration-ms="111" started-at="2012-06-17T15:09:09Z" data-provider="generate-sentences" finished-at="2012-06-17T15:09:09Z">
          <params>
            <param index="0">
              <value>
                <![CDATA[Objects.JPDocument@40e455bf]]>
              </value>
            </param>
            <param index="1">
              <value>
                <![CDATA[Objects.JPDocument@4eb98fe1]]>
              </value>
            </param>
          </params>
        </test-method> <!-- tagSentence -->
        <test-method status="PASS" signature="tagSentence(Objects.JPDocument, Objects.JPDocument)[pri:0, instance:Test.StanfordPOSTaggerManagerTest@10d09ad3]" name="tagSentence" duration-ms="100" started-at="2012-06-17T15:09:09Z" data-provider="generate-sentences" finished-at="2012-06-17T15:09:09Z">
          <params>
            <param index="0">
              <value>
                <![CDATA[Objects.JPDocument@79f1d448]]>
              </value>
            </param>
            <param index="1">
              <value>
                <![CDATA[Objects.JPDocument@73a80183]]>
              </value>
            </param>
          </params>
        </test-method> <!-- tagSentence -->
        <test-method status="PASS" signature="tagSentence(Objects.JPDocument, Objects.JPDocument)[pri:0, instance:Test.StanfordPOSTaggerManagerTest@10d09ad3]" name="tagSentence" duration-ms="87" started-at="2012-06-17T15:09:09Z" data-provider="generate-sentences" finished-at="2012-06-17T15:09:09Z">
          <params>
            <param index="0">
              <value>
                <![CDATA[Objects.JPDocument@6815ee24]]>
              </value>
            </param>
            <param index="1">
              <value>
                <![CDATA[Objects.JPDocument@77c5b2de]]>
              </value>
            </param>
          </params>
        </test-method> <!-- tagSentence -->
        <test-method status="PASS" signature="tagSentence(Objects.JPDocument, Objects.JPDocument)[pri:0, instance:Test.StanfordPOSTaggerManagerTest@10d09ad3]" name="tagSentence" duration-ms="69" started-at="2012-06-17T15:09:09Z" data-provider="generate-sentences" finished-at="2012-06-17T15:09:09Z">
          <params>
            <param index="0">
              <value>
                <![CDATA[Objects.JPDocument@3781efb9]]>
              </value>
            </param>
            <param index="1">
              <value>
                <![CDATA[Objects.JPDocument@33a17727]]>
              </value>
            </param>
          </params>
        </test-method> <!-- tagSentence -->
        <test-method status="PASS" signature="tagSentence(Objects.JPDocument, Objects.JPDocument)[pri:0, instance:Test.StanfordPOSTaggerManagerTest@10d09ad3]" name="tagSentence" duration-ms="115" started-at="2012-06-17T15:09:09Z" data-provider="generate-sentences" finished-at="2012-06-17T15:09:09Z">
          <params>
            <param index="0">
              <value>
                <![CDATA[Objects.JPDocument@5c3f1224]]>
              </value>
            </param>
            <param index="1">
              <value>
                <![CDATA[Objects.JPDocument@30c028cc]]>
              </value>
            </param>
          </params>
        </test-method> <!-- tagSentence -->
        <test-method status="PASS" signature="tagSentence(Objects.JPDocument, Objects.JPDocument)[pri:0, instance:Test.StanfordPOSTaggerManagerTest@10d09ad3]" name="tagSentence" duration-ms="49" started-at="2012-06-17T15:09:09Z" data-provider="generate-sentences" finished-at="2012-06-17T15:09:09Z">
          <params>
            <param index="0">
              <value>
                <![CDATA[Objects.JPDocument@1e638ee4]]>
              </value>
            </param>
            <param index="1">
              <value>
                <![CDATA[Objects.JPDocument@1a3a2a52]]>
              </value>
            </param>
          </params>
        </test-method> <!-- tagSentence -->
        <test-method status="PASS" signature="tagSentence(Objects.JPDocument, Objects.JPDocument)[pri:0, instance:Test.StanfordPOSTaggerManagerTest@10d09ad3]" name="tagSentence" duration-ms="100" started-at="2012-06-17T15:09:09Z" data-provider="generate-sentences" finished-at="2012-06-17T15:09:10Z">
          <params>
            <param index="0">
              <value>
                <![CDATA[Objects.JPDocument@892b7c2]]>
              </value>
            </param>
            <param index="1">
              <value>
                <![CDATA[Objects.JPDocument@585e25f3]]>
              </value>
            </param>
          </params>
        </test-method> <!-- tagSentence -->
        <test-method status="PASS" signature="tagSentence(Objects.JPDocument, Objects.JPDocument)[pri:0, instance:Test.StanfordPOSTaggerManagerTest@10d09ad3]" name="tagSentence" duration-ms="78" started-at="2012-06-17T15:09:10Z" data-provider="generate-sentences" finished-at="2012-06-17T15:09:10Z">
          <params>
            <param index="0">
              <value>
                <![CDATA[Objects.JPDocument@24b950d1]]>
              </value>
            </param>
            <param index="1">
              <value>
                <![CDATA[Objects.JPDocument@268dc2d]]>
              </value>
            </param>
          </params>
        </test-method> <!-- tagSentence -->
        <test-method status="PASS" signature="tagSentence(Objects.JPDocument, Objects.JPDocument)[pri:0, instance:Test.StanfordPOSTaggerManagerTest@10d09ad3]" name="tagSentence" duration-ms="66" started-at="2012-06-17T15:09:10Z" data-provider="generate-sentences" finished-at="2012-06-17T15:09:10Z">
          <params>
            <param index="0">
              <value>
                <![CDATA[Objects.JPDocument@512d297a]]>
              </value>
            </param>
            <param index="1">
              <value>
                <![CDATA[Objects.JPDocument@6bfe3238]]>
              </value>
            </param>
          </params>
        </test-method> <!-- tagSentence -->
        <test-method status="PASS" signature="tagSentence(Objects.JPDocument, Objects.JPDocument)[pri:0, instance:Test.StanfordPOSTaggerManagerTest@10d09ad3]" name="tagSentence" duration-ms="82" started-at="2012-06-17T15:09:10Z" data-provider="generate-sentences" finished-at="2012-06-17T15:09:10Z">
          <params>
            <param index="0">
              <value>
                <![CDATA[Objects.JPDocument@e026161]]>
              </value>
            </param>
            <param index="1">
              <value>
                <![CDATA[Objects.JPDocument@3e472e76]]>
              </value>
            </param>
          </params>
        </test-method> <!-- tagSentence -->
        <test-method status="PASS" signature="tagSentence(Objects.JPDocument, Objects.JPDocument)[pri:0, instance:Test.StanfordPOSTaggerManagerTest@10d09ad3]" name="tagSentence" duration-ms="92" started-at="2012-06-17T15:09:10Z" data-provider="generate-sentences" finished-at="2012-06-17T15:09:10Z">
          <params>
            <param index="0">
              <value>
                <![CDATA[Objects.JPDocument@538526aa]]>
              </value>
            </param>
            <param index="1">
              <value>
                <![CDATA[Objects.JPDocument@4aad8dbc]]>
              </value>
            </param>
          </params>
        </test-method> <!-- tagSentence -->
        <test-method status="PASS" signature="tagSentence(Objects.JPDocument, Objects.JPDocument)[pri:0, instance:Test.StanfordPOSTaggerManagerTest@10d09ad3]" name="tagSentence" duration-ms="96" started-at="2012-06-17T15:09:10Z" data-provider="generate-sentences" finished-at="2012-06-17T15:09:10Z">
          <params>
            <param index="0">
              <value>
                <![CDATA[Objects.JPDocument@279853c2]]>
              </value>
            </param>
            <param index="1">
              <value>
                <![CDATA[Objects.JPDocument@1a2f9dd]]>
              </value>
            </param>
          </params>
        </test-method> <!-- tagSentence -->
        <test-method status="PASS" signature="tagSentence(Objects.JPDocument, Objects.JPDocument)[pri:0, instance:Test.StanfordPOSTaggerManagerTest@10d09ad3]" name="tagSentence" duration-ms="159" started-at="2012-06-17T15:09:10Z" data-provider="generate-sentences" finished-at="2012-06-17T15:09:10Z">
          <params>
            <param index="0">
              <value>
                <![CDATA[Objects.JPDocument@761f568f]]>
              </value>
            </param>
            <param index="1">
              <value>
                <![CDATA[Objects.JPDocument@36c02df]]>
              </value>
            </param>
          </params>
        </test-method> <!-- tagSentence -->
        <test-method status="PASS" signature="tagSentence(Objects.JPDocument, Objects.JPDocument)[pri:0, instance:Test.StanfordPOSTaggerManagerTest@10d09ad3]" name="tagSentence" duration-ms="105" started-at="2012-06-17T15:09:10Z" data-provider="generate-sentences" finished-at="2012-06-17T15:09:10Z">
          <params>
            <param index="0">
              <value>
                <![CDATA[Objects.JPDocument@3f66cb16]]>
              </value>
            </param>
            <param index="1">
              <value>
                <![CDATA[Objects.JPDocument@759f31de]]>
              </value>
            </param>
          </params>
        </test-method> <!-- tagSentence -->
        <test-method status="PASS" signature="tagSentence(Objects.JPDocument, Objects.JPDocument)[pri:0, instance:Test.StanfordPOSTaggerManagerTest@10d09ad3]" name="tagSentence" duration-ms="114" started-at="2012-06-17T15:09:10Z" data-provider="generate-sentences" finished-at="2012-06-17T15:09:10Z">
          <params>
            <param index="0">
              <value>
                <![CDATA[Objects.JPDocument@52ab7af2]]>
              </value>
            </param>
            <param index="1">
              <value>
                <![CDATA[Objects.JPDocument@7814d044]]>
              </value>
            </param>
          </params>
        </test-method> <!-- tagSentence -->
        <test-method status="PASS" signature="tagSentence(Objects.JPDocument, Objects.JPDocument)[pri:0, instance:Test.StanfordPOSTaggerManagerTest@10d09ad3]" name="tagSentence" duration-ms="119" started-at="2012-06-17T15:09:10Z" data-provider="generate-sentences" finished-at="2012-06-17T15:09:11Z">
          <params>
            <param index="0">
              <value>
                <![CDATA[Objects.JPDocument@ab612f8]]>
              </value>
            </param>
            <param index="1">
              <value>
                <![CDATA[Objects.JPDocument@37975d46]]>
              </value>
            </param>
          </params>
        </test-method> <!-- tagSentence -->
        <test-method status="PASS" signature="tagSentence(Objects.JPDocument, Objects.JPDocument)[pri:0, instance:Test.StanfordPOSTaggerManagerTest@10d09ad3]" name="tagSentence" duration-ms="90" started-at="2012-06-17T15:09:11Z" data-provider="generate-sentences" finished-at="2012-06-17T15:09:11Z">
          <params>
            <param index="0">
              <value>
                <![CDATA[Objects.JPDocument@2be3d80c]]>
              </value>
            </param>
            <param index="1">
              <value>
                <![CDATA[Objects.JPDocument@7b7d1256]]>
              </value>
            </param>
          </params>
        </test-method> <!-- tagSentence -->
        <test-method status="PASS" signature="tagSentence(Objects.JPDocument, Objects.JPDocument)[pri:0, instance:Test.StanfordPOSTaggerManagerTest@10d09ad3]" name="tagSentence" duration-ms="94" started-at="2012-06-17T15:09:11Z" data-provider="generate-sentences" finished-at="2012-06-17T15:09:11Z">
          <params>
            <param index="0">
              <value>
                <![CDATA[Objects.JPDocument@7022e3ac]]>
              </value>
            </param>
            <param index="1">
              <value>
                <![CDATA[Objects.JPDocument@2916ab8]]>
              </value>
            </param>
          </params>
        </test-method> <!-- tagSentence -->
        <test-method status="PASS" signature="tagSentence(Objects.JPDocument, Objects.JPDocument)[pri:0, instance:Test.StanfordPOSTaggerManagerTest@10d09ad3]" name="tagSentence" duration-ms="93" started-at="2012-06-17T15:09:11Z" data-provider="generate-sentences" finished-at="2012-06-17T15:09:11Z">
          <params>
            <param index="0">
              <value>
                <![CDATA[Objects.JPDocument@6f45959c]]>
              </value>
            </param>
            <param index="1">
              <value>
                <![CDATA[Objects.JPDocument@41616dd6]]>
              </value>
            </param>
          </params>
        </test-method> <!-- tagSentence -->
        <test-method status="PASS" signature="tagSentence(Objects.JPDocument, Objects.JPDocument)[pri:0, instance:Test.StanfordPOSTaggerManagerTest@10d09ad3]" name="tagSentence" duration-ms="90" started-at="2012-06-17T15:09:11Z" data-provider="generate-sentences" finished-at="2012-06-17T15:09:11Z">
          <params>
            <param index="0">
              <value>
                <![CDATA[Objects.JPDocument@4183aedf]]>
              </value>
            </param>
            <param index="1">
              <value>
                <![CDATA[Objects.JPDocument@2c4dd413]]>
              </value>
            </param>
          </params>
        </test-method> <!-- tagSentence -->
        <test-method status="PASS" signature="tagSentence(Objects.JPDocument, Objects.JPDocument)[pri:0, instance:Test.StanfordPOSTaggerManagerTest@10d09ad3]" name="tagSentence" duration-ms="102" started-at="2012-06-17T15:09:11Z" data-provider="generate-sentences" finished-at="2012-06-17T15:09:11Z">
          <params>
            <param index="0">
              <value>
                <![CDATA[Objects.JPDocument@76ad962c]]>
              </value>
            </param>
            <param index="1">
              <value>
                <![CDATA[Objects.JPDocument@7e5e5f92]]>
              </value>
            </param>
          </params>
        </test-method> <!-- tagSentence -->
        <test-method status="PASS" signature="tagSentence(Objects.JPDocument, Objects.JPDocument)[pri:0, instance:Test.StanfordPOSTaggerManagerTest@10d09ad3]" name="tagSentence" duration-ms="84" started-at="2012-06-17T15:09:11Z" data-provider="generate-sentences" finished-at="2012-06-17T15:09:11Z">
          <params>
            <param index="0">
              <value>
                <![CDATA[Objects.JPDocument@6f3974ba]]>
              </value>
            </param>
            <param index="1">
              <value>
                <![CDATA[Objects.JPDocument@251e9862]]>
              </value>
            </param>
          </params>
        </test-method> <!-- tagSentence -->
        <test-method status="PASS" signature="tagSentence(Objects.JPDocument, Objects.JPDocument)[pri:0, instance:Test.StanfordPOSTaggerManagerTest@10d09ad3]" name="tagSentence" duration-ms="90" started-at="2012-06-17T15:09:11Z" data-provider="generate-sentences" finished-at="2012-06-17T15:09:11Z">
          <params>
            <param index="0">
              <value>
                <![CDATA[Objects.JPDocument@43fee2db]]>
              </value>
            </param>
            <param index="1">
              <value>
                <![CDATA[Objects.JPDocument@12dfbabd]]>
              </value>
            </param>
          </params>
        </test-method> <!-- tagSentence -->
        <test-method status="PASS" signature="tagSentence(Objects.JPDocument, Objects.JPDocument)[pri:0, instance:Test.StanfordPOSTaggerManagerTest@10d09ad3]" name="tagSentence" duration-ms="137" started-at="2012-06-17T15:09:11Z" data-provider="generate-sentences" finished-at="2012-06-17T15:09:11Z">
          <params>
            <param index="0">
              <value>
                <![CDATA[Objects.JPDocument@305866c1]]>
              </value>
            </param>
            <param index="1">
              <value>
                <![CDATA[Objects.JPDocument@7bc221b2]]>
              </value>
            </param>
          </params>
        </test-method> <!-- tagSentence -->
        <test-method status="PASS" signature="tagSentence(Objects.JPDocument, Objects.JPDocument)[pri:0, instance:Test.StanfordPOSTaggerManagerTest@10d09ad3]" name="tagSentence" duration-ms="125" started-at="2012-06-17T15:09:11Z" data-provider="generate-sentences" finished-at="2012-06-17T15:09:11Z">
          <params>
            <param index="0">
              <value>
                <![CDATA[Objects.JPDocument@4e511a6e]]>
              </value>
            </param>
            <param index="1">
              <value>
                <![CDATA[Objects.JPDocument@2e9e53ed]]>
              </value>
            </param>
          </params>
        </test-method> <!-- tagSentence -->
        <test-method status="PASS" signature="tagSentence(Objects.JPDocument, Objects.JPDocument)[pri:0, instance:Test.StanfordPOSTaggerManagerTest@10d09ad3]" name="tagSentence" duration-ms="92" started-at="2012-06-17T15:09:11Z" data-provider="generate-sentences" finished-at="2012-06-17T15:09:12Z">
          <params>
            <param index="0">
              <value>
                <![CDATA[Objects.JPDocument@71662a95]]>
              </value>
            </param>
            <param index="1">
              <value>
                <![CDATA[Objects.JPDocument@6a75d65c]]>
              </value>
            </param>
          </params>
        </test-method> <!-- tagSentence -->
[...]
                <![CDATA[Objects.JPDocument@72beaa01]]>
              </value>
            </param>
            <param index="1">
              <value>
                <![CDATA[Objects.JPDocument@438b6281]]>
              </value>
            </param>
          </params>
        </test-method> <!-- tagSentence -->
        <test-method status="PASS" signature="tagSentence(Objects.JPDocument, Objects.JPDocument)[pri:0, instance:Test.StanfordPOSTaggerManagerTest@10d09ad3]" name="tagSentence" duration-ms="102" started-at="2012-06-17T15:09:38Z" data-provider="generate-sentences" finished-at="2012-06-17T15:09:38Z">
          <params>
            <param index="0">
              <value>
                <![CDATA[Objects.JPDocument@33ef5e7d]]>
              </value>
            </param>
            <param index="1">
              <value>
                <![CDATA[Objects.JPDocument@28247b2e]]>
              </value>
            </param>
          </params>
        </test-method> <!-- tagSentence -->
        <test-method status="PASS" signature="tagSentence(Objects.JPDocument, Objects.JPDocument)[pri:0, instance:Test.StanfordPOSTaggerManagerTest@10d09ad3]" name="tagSentence" duration-ms="88" started-at="2012-06-17T15:09:38Z" data-provider="generate-sentences" finished-at="2012-06-17T15:09:38Z">
          <params>
            <param index="0">
              <value>
                <![CDATA[Objects.JPDocument@3d555cf5]]>
              </value>
            </param>
            <param index="1">
              <value>
                <![CDATA[Objects.JPDocument@2f49f848]]>
              </value>
            </param>
          </params>
        </test-method> <!-- tagSentence -->
        <test-method status="PASS" signature="tagSentence(Objects.JPDocument, Objects.JPDocument)[pri:0, instance:Test.StanfordPOSTaggerManagerTest@10d09ad3]" name="tagSentence" duration-ms="92" started-at="2012-06-17T15:09:38Z" data-provider="generate-sentences" finished-at="2012-06-17T15:09:38Z">
          <params>
            <param index="0">
              <value>
                <![CDATA[Objects.JPDocument@2a57a184]]>
              </value>
            </param>
            <param index="1">
              <value>
                <![CDATA[Objects.JPDocument@5f2cf6d3]]>
              </value>
            </param>
          </params>
        </test-method> <!-- tagSentence -->
        <test-method status="PASS" signature="tagSentence(Objects.JPDocument, Objects.JPDocument)[pri:0, instance:Test.StanfordPOSTaggerManagerTest@10d09ad3]" name="tagSentence" duration-ms="70" started-at="2012-06-17T15:09:38Z" data-provider="generate-sentences" finished-at="2012-06-17T15:09:39Z">
          <params>
            <param index="0">
              <value>
                <![CDATA[Objects.JPDocument@405e70bc]]>
              </value>
            </param>
            <param index="1">
              <value>
                <![CDATA[Objects.JPDocument@783b67a7]]>
              </value>
            </param>
          </params>
        </test-method> <!-- tagSentence -->
        <test-method status="PASS" signature="tagSentence(Objects.JPDocument, Objects.JPDocument)[pri:0, instance:Test.StanfordPOSTaggerManagerTest@10d09ad3]" name="tagSentence" duration-ms="90" started-at="2012-06-17T15:09:39Z" data-provider="generate-sentences" finished-at="2012-06-17T15:09:39Z">
          <params>
            <param index="0">
              <value>
                <![CDATA[Objects.JPDocument@595be21d]]>
              </value>
            </param>
            <param index="1">
              <value>
                <![CDATA[Objects.JPDocument@1f5a0bc0]]>
              </value>
            </param>
          </params>
        </test-method> <!-- tagSentence -->
        <test-method status="PASS" signature="tagSentence(Objects.JPDocument, Objects.JPDocument)[pri:0, instance:Test.StanfordPOSTaggerManagerTest@10d09ad3]" name="tagSentence" duration-ms="123" started-at="2012-06-17T15:09:39Z" data-provider="generate-sentences" finished-at="2012-06-17T15:09:39Z">
          <params>
            <param index="0">
              <value>
                <![CDATA[Objects.JPDocument@58bf7b3e]]>
              </value>
            </param>
            <param index="1">
              <value>
                <![CDATA[Objects.JPDocument@33450f7]]>
              </value>
            </param>
          </params>
        </test-method> <!-- tagSentence -->
        <test-method status="PASS" signature="tagSentence(Objects.JPDocument, Objects.JPDocument)[pri:0, instance:Test.StanfordPOSTaggerManagerTest@10d09ad3]" name="tagSentence" duration-ms="66" started-at="2012-06-17T15:09:39Z" data-provider="generate-sentences" finished-at="2012-06-17T15:09:39Z">
          <params>
            <param index="0">
              <value>
                <![CDATA[Objects.JPDocument@168c147c]]>
              </value>
            </param>
            <param index="1">
              <value>
                <![CDATA[Objects.JPDocument@4694e474]]>
              </value>
            </param>
          </params>
        </test-method> <!-- tagSentence -->
        <test-method status="PASS" signature="tagSentence(Objects.JPDocument, Objects.JPDocument)[pri:0, instance:Test.StanfordPOSTaggerManagerTest@10d09ad3]" name="tagSentence" duration-ms="102" started-at="2012-06-17T15:09:39Z" data-provider="generate-sentences" finished-at="2012-06-17T15:09:39Z">
          <params>
            <param index="0">
              <value>
                <![CDATA[Objects.JPDocument@609fb8b6]]>
              </value>
            </param>
            <param index="1">
              <value>
                <![CDATA[Objects.JPDocument@1617e649]]>
              </value>
            </param>
          </params>
        </test-method> <!-- tagSentence -->
        <test-method status="PASS" signature="tagSentence(Objects.JPDocument, Objects.JPDocument)[pri:0, instance:Test.StanfordPOSTaggerManagerTest@10d09ad3]" name="tagSentence" duration-ms="75" started-at="2012-06-17T15:09:39Z" data-provider="generate-sentences" finished-at="2012-06-17T15:09:39Z">
          <params>
            <param index="0">
              <value>
                <![CDATA[Objects.JPDocument@b98df1f]]>
              </value>
            </param>
            <param index="1">
              <value>
                <![CDATA[Objects.JPDocument@6160722b]]>
              </value>
            </param>
          </params>
        </test-method> <!-- tagSentence -->
        <test-method status="PASS" signature="tagSentence(Objects.JPDocument, Objects.JPDocument)[pri:0, instance:Test.StanfordPOSTaggerManagerTest@10d09ad3]" name="tagSentence" duration-ms="99" started-at="2012-06-17T15:09:39Z" data-provider="generate-sentences" finished-at="2012-06-17T15:09:39Z">
          <params>
            <param index="0">
              <value>
                <![CDATA[Objects.JPDocument@37aff6b1]]>
              </value>
            </param>
            <param index="1">
              <value>
                <![CDATA[Objects.JPDocument@16cfb07]]>
              </value>
            </param>
          </params>
        </test-method> <!-- tagSentence -->
        <test-method status="PASS" signature="tagSentence(Objects.JPDocument, Objects.JPDocument)[pri:0, instance:Test.StanfordPOSTaggerManagerTest@10d09ad3]" name="tagSentence" duration-ms="107" started-at="2012-06-17T15:09:39Z" data-provider="generate-sentences" finished-at="2012-06-17T15:09:39Z">
          <params>
            <param index="0">
              <value>
                <![CDATA[Objects.JPDocument@24e671a1]]>
              </value>
            </param>
            <param index="1">
              <value>
                <![CDATA[Objects.JPDocument@152e13f4]]>
              </value>
            </param>
          </params>
        </test-method> <!-- tagSentence -->
        <test-method status="PASS" signature="tagSentence(Objects.JPDocument, Objects.JPDocument)[pri:0, instance:Test.StanfordPOSTaggerManagerTest@10d09ad3]" name="tagSentence" duration-ms="93" started-at="2012-06-17T15:09:39Z" data-provider="generate-sentences" finished-at="2012-06-17T15:09:39Z">
          <params>
            <param index="0">
              <value>
                <![CDATA[Objects.JPDocument@71f47f7a]]>
              </value>
            </param>
            <param index="1">
              <value>
                <![CDATA[Objects.JPDocument@6add5d08]]>
              </value>
            </param>
          </params>
        </test-method> <!-- tagSentence -->
        <test-method status="PASS" signature="tagSentence(Objects.JPDocument, Objects.JPDocument)[pri:0, instance:Test.StanfordPOSTaggerManagerTest@10d09ad3]" name="tagSentence" duration-ms="72" started-at="2012-06-17T15:09:39Z" data-provider="generate-sentences" finished-at="2012-06-17T15:09:39Z">
          <params>
            <param index="0">
              <value>
                <![CDATA[Objects.JPDocument@36ca9a76]]>
              </value>
            </param>
            <param index="1">
              <value>
                <![CDATA[Objects.JPDocument@2f62d514]]>
              </value>
            </param>
          </params>
        </test-method> <!-- tagSentence -->
        <test-method status="PASS" signature="tagSentence(Objects.JPDocument, Objects.JPDocument)[pri:0, instance:Test.StanfordPOSTaggerManagerTest@10d09ad3]" name="tagSentence" duration-ms="105" started-at="2012-06-17T15:09:39Z" data-provider="generate-sentences" finished-at="2012-06-17T15:09:39Z">
          <params>
            <param index="0">
              <value>
                <![CDATA[Objects.JPDocument@65f72a79]]>
              </value>
            </param>
            <param index="1">
              <value>
                <![CDATA[Objects.JPDocument@4605a23b]]>
              </value>
            </param>
          </params>
        </test-method> <!-- tagSentence -->
        <test-method status="PASS" signature="tagSentence(Objects.JPDocument, Objects.JPDocument)[pri:0, instance:Test.StanfordPOSTaggerManagerTest@10d09ad3]" name="tagSentence" duration-ms="78" started-at="2012-06-17T15:09:39Z" data-provider="generate-sentences" finished-at="2012-06-17T15:09:40Z">
          <params>
            <param index="0">
              <value>
                <![CDATA[Objects.JPDocument@16334cb9]]>
              </value>
            </param>
            <param index="1">
              <value>
                <![CDATA[Objects.JPDocument@1f21112]]>
              </value>
            </param>
          </params>
        </test-method> <!-- tagSentence -->
        <test-method status="PASS" signature="tagSentence(Objects.JPDocument, Objects.JPDocument)[pri:0, instance:Test.StanfordPOSTaggerManagerTest@10d09ad3]" name="tagSentence" duration-ms="96" started-at="2012-06-17T15:09:40Z" data-provider="generate-sentences" finished-at="2012-06-17T15:09:40Z">
          <params>
            <param index="0">
              <value>
                <![CDATA[Objects.JPDocument@ea8e5ac]]>
              </value>
            </param>
            <param index="1">
              <value>
                <![CDATA[Objects.JPDocument@727e86b8]]>
              </value>
            </param>
          </params>
        </test-method> <!-- tagSentence -->
        <test-method status="PASS" signature="tagSentence(Objects.JPDocument, Objects.JPDocument)[pri:0, instance:Test.StanfordPOSTaggerManagerTest@10d09ad3]" name="tagSentence" duration-ms="72" started-at="2012-06-17T15:09:40Z" data-provider="generate-sentences" finished-at="2012-06-17T15:09:40Z">
          <params>
            <param index="0">
              <value>
                <![CDATA[Objects.JPDocument@486985a3]]>
              </value>
            </param>
            <param index="1">
              <value>
                <![CDATA[Objects.JPDocument@7c4b579]]>
              </value>
            </param>
          </params>
        </test-method> <!-- tagSentence -->
        <test-method status="PASS" signature="tagSentence(Objects.JPDocument, Objects.JPDocument)[pri:0, instance:Test.StanfordPOSTaggerManagerTest@10d09ad3]" name="tagSentence" duration-ms="88" started-at="2012-06-17T15:09:40Z" data-provider="generate-sentences" finished-at="2012-06-17T15:09:40Z">
          <params>
            <param index="0">
              <value>
                <![CDATA[Objects.JPDocument@3ef29c65]]>
              </value>
            </param>
            <param index="1">
              <value>
                <![CDATA[Objects.JPDocument@29f9cb2c]]>
              </value>
            </param>
          </params>
        </test-method> <!-- tagSentence -->
        <test-method status="PASS" signature="tagSentence(Objects.JPDocument, Objects.JPDocument)[pri:0, instance:Test.StanfordPOSTaggerManagerTest@10d09ad3]" name="tagSentence" duration-ms="91" started-at="2012-06-17T15:09:40Z" data-provider="generate-sentences" finished-at="2012-06-17T15:09:40Z">
          <params>
            <param index="0">
              <value>
                <![CDATA[Objects.JPDocument@3bba1558]]>
              </value>
            </param>
            <param index="1">
              <value>
                <![CDATA[Objects.JPDocument@35cf630a]]>
              </value>
            </param>
          </params>
        </test-method> <!-- tagSentence -->
        <test-method status="PASS" signature="tagSentence(Objects.JPDocument, Objects.JPDocument)[pri:0, instance:Test.StanfordPOSTaggerManagerTest@10d09ad3]" name="tagSentence" duration-ms="82" started-at="2012-06-17T15:09:40Z" data-provider="generate-sentences" finished-at="2012-06-17T15:09:40Z">
          <params>
            <param index="0">
              <value>
                <![CDATA[Objects.JPDocument@346cd0f9]]>
              </value>
            </param>
            <param index="1">
              <value>
                <![CDATA[Objects.JPDocument@540ba652]]>
              </value>
            </param>
          </params>
        </test-method> <!-- tagSentence -->
        <test-method status="PASS" signature="tagSentence(Objects.JPDocument, Objects.JPDocument)[pri:0, instance:Test.StanfordPOSTaggerManagerTest@10d09ad3]" name="tagSentence" duration-ms="106" started-at="2012-06-17T15:09:40Z" data-provider="generate-sentences" finished-at="2012-06-17T15:09:40Z">
          <params>
            <param index="0">
              <value>
                <![CDATA[Objects.JPDocument@435e7f1a]]>
              </value>
            </param>
            <param index="1">
              <value>
                <![CDATA[Objects.JPDocument@70eaa683]]>
              </value>
            </param>
          </params>
        </test-method> <!-- tagSentence -->
        <test-method status="PASS" signature="tagSentence(Objects.JPDocument, Objects.JPDocument)[pri:0, instance:Test.StanfordPOSTaggerManagerTest@10d09ad3]" name="tagSentence" duration-ms="119" started-at="2012-06-17T15:09:40Z" data-provider="generate-sentences" finished-at="2012-06-17T15:09:40Z">
          <params>
            <param index="0">
              <value>
                <![CDATA[Objects.JPDocument@c743b0f]]>
              </value>
            </param>
            <param index="1">
              <value>
                <![CDATA[Objects.JPDocument@22d15c2c]]>
              </value>
            </param>
          </params>
        </test-method> <!-- tagSentence -->
        <test-method status="PASS" signature="tagSentence(Objects.JPDocument, Objects.JPDocument)[pri:0, instance:Test.StanfordPOSTaggerManagerTest@10d09ad3]" name="tagSentence" duration-ms="118" started-at="2012-06-17T15:09:40Z" data-provider="generate-sentences" finished-at="2012-06-17T15:09:40Z">
          <params>
            <param index="0">
              <value>
                <![CDATA[Objects.JPDocument@6854be84]]>
              </value>
            </param>
            <param index="1">
              <value>
                <![CDATA[Objects.JPDocument@13a8019f]]>
              </value>
            </param>
          </params>
        </test-method> <!-- tagSentence -->
        <test-method status="PASS" signature="tagSentence(Objects.JPDocument, Objects.JPDocument)[pri:0, instance:Test.StanfordPOSTaggerManagerTest@10d09ad3]" name="tagSentence" duration-ms="98" started-at="2012-06-17T15:09:40Z" data-provider="generate-sentences" finished-at="2012-06-17T15:09:40Z">
          <params>
            <param index="0">
              <value>
                <![CDATA[Objects.JPDocument@3f766af0]]>
              </value>
            </param>
            <param index="1">
              <value>
                <![CDATA[Objects.JPDocument@7766d31c]]>
              </value>
            </param>
          </params>
        </test-method> <!-- tagSentence -->
        <test-method status="PASS" signature="tagSentence(Objects.JPDocument, Objects.JPDocument)[pri:0, instance:Test.StanfordPOSTaggerManagerTest@10d09ad3]" name="tagSentence" duration-ms="75" started-at="2012-06-17T15:09:40Z" data-provider="generate-sentences" finished-at="2012-06-17T15:09:41Z">
          <params>
            <param index="0">
              <value>
                <![CDATA[Objects.JPDocument@5aeca93c]]>
              </value>
            </param>
            <param index="1">
              <value>
                <![CDATA[Objects.JPDocument@675ad0c6]]>
              </value>
            </param>
          </params>
        </test-method> <!-- tagSentence -->
        <test-method status="PASS" signature="tagSentence(Objects.JPDocument, Objects.JPDocument)[pri:0, instance:Test.StanfordPOSTaggerManagerTest@10d09ad3]" name="tagSentence" duration-ms="93" started-at="2012-06-17T15:09:41Z" data-provider="generate-sentences" finished-at="2012-06-17T15:09:41Z">
          <params>
            <param index="0">
              <value>
                <![CDATA[Objects.JPDocument@174580e6]]>
              </value>
            </param>
            <param index="1">
              <value>
                <![CDATA[Objects.JPDocument@541187f9]]>
              </value>
            </param>
          </params>
        </test-method> <!-- tagSentence -->
        <test-method status="PASS" signature="tagSentence(Objects.JPDocument, Objects.JPDocument)[pri:0, instance:Test.StanfordPOSTaggerManagerTest@10d09ad3]" name="tagSentence" duration-ms="99" started-at="2012-06-17T15:09:41Z" data-provider="generate-sentences" finished-at="2012-06-17T15:09:41Z">
          <params>
            <param index="0">
              <value>
                <![CDATA[Objects.JPDocument@468f7aa2]]>
              </value>
            </param>
            <param index="1">
              <value>
                <![CDATA[Objects.JPDocument@75bc45de]]>
              </value>
            </param>
          </params>
        </test-method> <!-- tagSentence -->
        <test-method status="PASS" signature="tagSentence(Objects.JPDocument, Objects.JPDocument)[pri:0, instance:Test.StanfordPOSTaggerManagerTest@10d09ad3]" name="tagSentence" duration-ms="145" started-at="2012-06-17T15:09:41Z" data-provider="generate-sentences" finished-at="2012-06-17T15:09:41Z">
          <params>
            <param index="0">
              <value>
                <![CDATA[Objects.JPDocument@75b49b45]]>
              </value>
            </param>
            <param index="1">
              <value>
                <![CDATA[Objects.JPDocument@243e0b62]]>
              </value>
            </param>
          </params>
        </test-method> <!-- tagSentence -->
        <test-method status="PASS" signature="printResult()[pri:0, instance:Test.StanfordPOSTaggerManagerTest@10d09ad3]" name="printResult" is-config="true" duration-ms="1" started-at="2012-06-17T15:09:41Z" finished-at="2012-06-17T15:09:41Z">
        </test-method> <!-- printResult -->
      </class> <!-- Test.StanfordPOSTaggerManagerTest -->
    </test> <!-- Default test -->
  </suite> <!-- Report -->
</testng-results>
