<?xml version="1.0" encoding="UTF-8"?>
<testng-results skipped="0" failed="0" total="1" passed="1">
  <reporter-output>
  </reporter-output>
  <suite name="Report" duration-ms="98" started-at="2012-06-19T21:42:50Z" finished-at="2012-06-19T21:42:51Z">
    <groups>
    </groups>
    <test name="Default test" duration-ms="98" started-at="2012-06-19T21:42:50Z" finished-at="2012-06-19T21:42:51Z">
      <class name="Test.NeighbourWordsFactoryTest">
        <test-method status="PASS" signature="findNeighbours()[pri:0, instance:Test.NeighbourWordsFactoryTest@2b8bbc5a]" name="findNeighbours" duration-ms="85" started-at="2012-06-19T21:42:50Z" finished-at="2012-06-19T21:42:51Z">
        </test-method> <!-- findNeighbours -->
      </class> <!-- Test.NeighbourWordsFactoryTest -->
    </test> <!-- Default test -->
  </suite> <!-- Report -->
</testng-results>
