<?xml version="1.0" encoding="UTF-8"?>
<!-- Generated by org.testng.reporters.JUnitReportReporter -->
<testsuite hostname="PeterMacBookPro.local" name="Test.StanfordPOSTaggerManagerTest" tests="352" failures="0" timestamp="17 Jun 2012 13:09:41 GMT" time="41.262" errors="0">
  <testcase name="tagSentence" time="0.131" classname="Test.StanfordPOSTaggerManagerTest"/>
  <testcase name="tagSentence" time="0.119" classname="Test.StanfordPOSTaggerManagerTest"/>
  <testcase name="tagSentence" time="0.098" classname="Test.StanfordPOSTaggerManagerTest"/>
  <testcase name="tagSentence" time="0.089" classname="Test.StanfordPOSTaggerManagerTest"/>
  <testcase name="tagSentence" time="0.105" classname="Test.StanfordPOSTaggerManagerTest"/>
  <testcase name="tagSentence" time="0.097" classname="Test.StanfordPOSTaggerManagerTest"/>
  <testcase name="tagSentence" time="0.125" classname="Test.StanfordPOSTaggerManagerTest"/>
  <testcase name="tagSentence" time="0.155" classname="Test.StanfordPOSTaggerManagerTest"/>
  <testcase name="tagSentence" time="0.087" classname="Test.StanfordPOSTaggerManagerTest"/>
  <testcase name="tagSentence" time="0.095" classname="Test.StanfordPOSTaggerManagerTest"/>
  <testcase name="tagSentence" time="0.183" classname="Test.StanfordPOSTaggerManagerTest"/>
  <testcase name="tagSentence" time="0.124" classname="Test.StanfordPOSTaggerManagerTest"/>
  <testcase name="tagSentence" time="0.069" classname="Test.StanfordPOSTaggerManagerTest"/>
  <testcase name="tagSentence" time="0.068" classname="Test.StanfordPOSTaggerManagerTest"/>
  <testcase name="tagSentence" time="0.111" classname="Test.StanfordPOSTaggerManagerTest"/>
  <testcase name="tagSentence" time="0.090" classname="Test.StanfordPOSTaggerManagerTest"/>
  <testcase name="tagSentence" time="0.105" classname="Test.StanfordPOSTaggerManagerTest"/>
  <testcase name="tagSentence" time="0.083" classname="Test.StanfordPOSTaggerManagerTest"/>
  <testcase name="tagSentence" time="0.092" classname="Test.StanfordPOSTaggerManagerTest"/>
  <testcase name="tagSentence" time="0.121" classname="Test.StanfordPOSTaggerManagerTest"/>
  <testcase name="tagSentence" time="0.113" classname="Test.StanfordPOSTaggerManagerTest"/>
  <testcase name="tagSentence" time="0.053" classname="Test.StanfordPOSTaggerManagerTest"/>
  <testcase name="tagSentence" time="0.105" classname="Test.StanfordPOSTaggerManagerTest"/>
  <testcase name="tagSentence" time="0.122" classname="Test.StanfordPOSTaggerManagerTest"/>
  <testcase name="tagSentence" time="0.145" classname="Test.StanfordPOSTaggerManagerTest"/>
  <testcase name="tagSentence" time="0.110" classname="Test.StanfordPOSTaggerManagerTest"/>
  <testcase name="tagSentence" time="0.097" classname="Test.StanfordPOSTaggerManagerTest"/>
  <testcase name="tagSentence" time="0.074" classname="Test.StanfordPOSTaggerManagerTest"/>
  <testcase name="tagSentence" time="0.077" classname="Test.StanfordPOSTaggerManagerTest"/>
  <testcase name="tagSentence" time="0.086" classname="Test.StanfordPOSTaggerManagerTest"/>
  <testcase name="tagSentence" time="0.107" classname="Test.StanfordPOSTaggerManagerTest"/>
  <testcase name="tagSentence" time="0.093" classname="Test.StanfordPOSTaggerManagerTest"/>
  <testcase name="tagSentence" time="0.095" classname="Test.StanfordPOSTaggerManagerTest"/>
  <testcase name="tagSentence" time="0.120" classname="Test.StanfordPOSTaggerManagerTest"/>
  <testcase name="tagSentence" time="0.107" classname="Test.StanfordPOSTaggerManagerTest"/>
  <testcase name="tagSentence" time="0.075" classname="Test.StanfordPOSTaggerManagerTest"/>
  <testcase name="tagSentence" time="0.146" classname="Test.StanfordPOSTaggerManagerTest"/>
  <testcase name="tagSentence" time="0.086" classname="Test.StanfordPOSTaggerManagerTest"/>
  <testcase name="tagSentence" time="0.099" classname="Test.StanfordPOSTaggerManagerTest"/>
  <testcase name="tagSentence" time="0.135" classname="Test.StanfordPOSTaggerManagerTest"/>
  <testcase name="tagSentence" time="0.159" classname="Test.StanfordPOSTaggerManagerTest"/>
  <testcase name="tagSentence" time="0.130" classname="Test.StanfordPOSTaggerManagerTest"/>
  <testcase name="tagSentence" time="0.096" classname="Test.StanfordPOSTaggerManagerTest"/>
  <testcase name="tagSentence" time="0.100" classname="Test.StanfordPOSTaggerManagerTest"/>
  <testcase name="tagSentence" time="0.090" classname="Test.StanfordPOSTaggerManagerTest"/>
  <testcase name="tagSentence" time="0.077" classname="Test.StanfordPOSTaggerManagerTest"/>
  <testcase name="tagSentence" time="0.146" classname="Test.StanfordPOSTaggerManagerTest"/>
  <testcase name="tagSentence" time="0.097" classname="Test.StanfordPOSTaggerManagerTest"/>
  <testcase name="tagSentence" time="0.088" classname="Test.StanfordPOSTaggerManagerTest"/>
  <testcase name="tagSentence" time="0.133" classname="Test.StanfordPOSTaggerManagerTest"/>
  <testcase name="tagSentence" time="0.076" classname="Test.StanfordPOSTaggerManagerTest"/>
  <testcase name="tagSentence" time="0.127" classname="Test.StanfordPOSTaggerManagerTest"/>
  <testcase name="tagSentence" time="0.090" classname="Test.StanfordPOSTaggerManagerTest"/>
  <testcase name="tagSentence" time="0.072" classname="Test.StanfordPOSTaggerManagerTest"/>
  <testcase name="tagSentence" time="0.079" classname="Test.StanfordPOSTaggerManagerTest"/>
  <testcase name="tagSentence" time="0.122" classname="Test.StanfordPOSTaggerManagerTest"/>
  <testcase name="tagSentence" time="0.142" classname="Test.StanfordPOSTaggerManagerTest"/>
  <testcase name="tagSentence" time="0.143" classname="Test.StanfordPOSTaggerManagerTest"/>
  <testcase name="tagSentence" time="0.113" classname="Test.StanfordPOSTaggerManagerTest"/>
  <testcase name="tagSentence" time="0.110" classname="Test.StanfordPOSTaggerManagerTest"/>
  <testcase name="tagSentence" time="0.114" classname="Test.StanfordPOSTaggerManagerTest"/>
  <testcase name="tagSentence" time="0.120" classname="Test.StanfordPOSTaggerManagerTest"/>
  <testcase name="tagSentence" time="0.126" classname="Test.StanfordPOSTaggerManagerTest"/>
  <testcase name="tagSentence" time="0.075" classname="Test.StanfordPOSTaggerManagerTest"/>
  <testcase name="tagSentence" time="0.088" classname="Test.StanfordPOSTaggerManagerTest"/>
  <testcase name="tagSentence" time="0.092" classname="Test.StanfordPOSTaggerManagerTest"/>
  <testcase name="tagSentence" time="0.118" classname="Test.StanfordPOSTaggerManagerTest"/>
  <testcase name="tagSentence" time="0.140" classname="Test.StanfordPOSTaggerManagerTest"/>
  <testcase name="tagSentence" time="0.148" classname="Test.StanfordPOSTaggerManagerTest"/>
  <testcase name="tagSentence" time="0.129" classname="Test.StanfordPOSTaggerManagerTest"/>
  <testcase name="tagSentence" time="0.120" classname="Test.StanfordPOSTaggerManagerTest"/>
  <testcase name="tagSentence" time="0.076" classname="Test.StanfordPOSTaggerManagerTest"/>
  <testcase name="tagSentence" time="0.070" classname="Test.StanfordPOSTaggerManagerTest"/>
  <testcase name="tagSentence" time="0.165" classname="Test.StanfordPOSTaggerManagerTest"/>
  <testcase name="tagSentence" time="0.110" classname="Test.StanfordPOSTaggerManagerTest"/>
  <testcase name="tagSentence" time="0.082" classname="Test.StanfordPOSTaggerManagerTest"/>
  <testcase name="tagSentence" time="0.137" classname="Test.StanfordPOSTaggerManagerTest"/>
  <testcase name="tagSentence" time="0.098" classname="Test.StanfordPOSTaggerManagerTest"/>
  <testcase name="tagSentence" time="0.102" classname="Test.StanfordPOSTaggerManagerTest"/>
  <testcase name="tagSentence" time="0.076" classname="Test.StanfordPOSTaggerManagerTest"/>
  <testcase name="tagSentence" time="0.084" classname="Test.StanfordPOSTaggerManagerTest"/>
  <testcase name="tagSentence" time="0.084" classname="Test.StanfordPOSTaggerManagerTest"/>
  <testcase name="tagSentence" time="0.072" classname="Test.StanfordPOSTaggerManagerTest"/>
  <testcase name="tagSentence" time="0.084" classname="Test.StanfordPOSTaggerManagerTest"/>
  <testcase name="tagSentence" time="0.135" classname="Test.StanfordPOSTaggerManagerTest"/>
  <testcase name="tagSentence" time="0.124" classname="Test.StanfordPOSTaggerManagerTest"/>
  <testcase name="tagSentence" time="0.098" classname="Test.StanfordPOSTaggerManagerTest"/>
  <testcase name="tagSentence" time="0.076" classname="Test.StanfordPOSTaggerManagerTest"/>
  <testcase name="tagSentence" time="0.089" classname="Test.StanfordPOSTaggerManagerTest"/>
  <testcase name="tagSentence" time="0.132" classname="Test.StanfordPOSTaggerManagerTest"/>
  <testcase name="tagSentence" time="0.093" classname="Test.StanfordPOSTaggerManagerTest"/>
  <testcase name="tagSentence" time="0.079" classname="Test.StanfordPOSTaggerManagerTest"/>
  <testcase name="tagSentence" time="0.090" classname="Test.StanfordPOSTaggerManagerTest"/>
  <testcase name="tagSentence" time="0.082" classname="Test.StanfordPOSTaggerManagerTest"/>
  <testcase name="tagSentence" time="0.110" classname="Test.StanfordPOSTaggerManagerTest"/>
  <testcase name="tagSentence" time="0.079" classname="Test.StanfordPOSTaggerManagerTest"/>
  <testcase name="tagSentence" time="0.114" classname="Test.StanfordPOSTaggerManagerTest"/>
  <testcase name="tagSentence" time="0.107" classname="Test.StanfordPOSTaggerManagerTest"/>
  <testcase name="tagSentence" time="0.088" classname="Test.StanfordPOSTaggerManagerTest"/>
  <testcase name="tagSentence" time="0.099" classname="Test.StanfordPOSTaggerManagerTest"/>
  <testcase name="tagSentence" time="0.106" classname="Test.StanfordPOSTaggerManagerTest"/>
  <testcase name="tagSentence" time="0.090" classname="Test.StanfordPOSTaggerManagerTest"/>
  <testcase name="tagSentence" time="0.116" classname="Test.StanfordPOSTaggerManagerTest"/>
  <testcase name="tagSentence" time="0.092" classname="Test.StanfordPOSTaggerManagerTest"/>
  <testcase name="tagSentence" time="0.098" classname="Test.StanfordPOSTaggerManagerTest"/>
  <testcase name="tagSentence" time="0.072" classname="Test.StanfordPOSTaggerManagerTest"/>
  <testcase name="tagSentence" time="0.076" classname="Test.StanfordPOSTaggerManagerTest"/>
  <testcase name="tagSentence" time="0.102" classname="Test.StanfordPOSTaggerManagerTest"/>
  <testcase name="tagSentence" time="0.130" classname="Test.StanfordPOSTaggerManagerTest"/>
  <testcase name="tagSentence" time="0.068" classname="Test.StanfordPOSTaggerManagerTest"/>
  <testcase name="tagSentence" time="0.070" classname="Test.StanfordPOSTaggerManagerTest"/>
  <testcase name="tagSentence" time="0.224" classname="Test.StanfordPOSTaggerManagerTest"/>
  <testcase name="tagSentence" time="0.094" classname="Test.StanfordPOSTaggerManagerTest"/>
  <testcase name="tagSentence" time="0.069" classname="Test.StanfordPOSTaggerManagerTest"/>
  <testcase name="tagSentence" time="0.109" classname="Test.StanfordPOSTaggerManagerTest"/>
  <testcase name="tagSentence" time="0.098" classname="Test.StanfordPOSTaggerManagerTest"/>
  <testcase name="tagSentence" time="0.127" classname="Test.StanfordPOSTaggerManagerTest"/>
  <testcase name="tagSentence" time="0.090" classname="Test.StanfordPOSTaggerManagerTest"/>
  <testcase name="tagSentence" time="0.110" classname="Test.StanfordPOSTaggerManagerTest"/>
  <testcase name="tagSentence" time="0.087" classname="Test.StanfordPOSTaggerManagerTest"/>
  <testcase name="tagSentence" time="0.104" classname="Test.StanfordPOSTaggerManagerTest"/>
  <testcase name="tagSentence" time="0.121" classname="Test.StanfordPOSTaggerManagerTest"/>
  <testcase name="tagSentence" time="0.099" classname="Test.StanfordPOSTaggerManagerTest"/>
  <testcase name="tagSentence" time="0.126" classname="Test.StanfordPOSTaggerManagerTest"/>
  <testcase name="tagSentence" time="0.070" classname="Test.StanfordPOSTaggerManagerTest"/>
  <testcase name="tagSentence" time="0.092" classname="Test.StanfordPOSTaggerManagerTest"/>
  <testcase name="tagSentence" time="0.093" classname="Test.StanfordPOSTaggerManagerTest"/>
  <testcase name="tagSentence" time="0.067" classname="Test.StanfordPOSTaggerManagerTest"/>
  <testcase name="tagSentence" time="0.095" classname="Test.StanfordPOSTaggerManagerTest"/>
  <testcase name="tagSentence" time="0.119" classname="Test.StanfordPOSTaggerManagerTest"/>
  <testcase name="tagSentence" time="0.162" classname="Test.StanfordPOSTaggerManagerTest"/>
  <testcase name="tagSentence" time="0.107" classname="Test.StanfordPOSTaggerManagerTest"/>
  <testcase name="tagSentence" time="0.108" classname="Test.StanfordPOSTaggerManagerTest"/>
  <testcase name="tagSentence" time="0.088" classname="Test.StanfordPOSTaggerManagerTest"/>
  <testcase name="tagSentence" time="0.147" classname="Test.StanfordPOSTaggerManagerTest"/>
  <testcase name="tagSentence" time="0.067" classname="Test.StanfordPOSTaggerManagerTest"/>
  <testcase name="tagSentence" time="0.099" classname="Test.StanfordPOSTaggerManagerTest"/>
  <testcase name="tagSentence" time="0.068" classname="Test.StanfordPOSTaggerManagerTest"/>
  <testcase name="tagSentence" time="0.087" classname="Test.StanfordPOSTaggerManagerTest"/>
  <testcase name="tagSentence" time="0.107" classname="Test.StanfordPOSTaggerManagerTest"/>
  <testcase name="tagSentence" time="0.102" classname="Test.StanfordPOSTaggerManagerTest"/>
  <testcase name="tagSentence" time="0.114" classname="Test.StanfordPOSTaggerManagerTest"/>
  <testcase name="tagSentence" time="0.105" classname="Test.StanfordPOSTaggerManagerTest"/>
  <testcase name="tagSentence" time="0.178" classname="Test.StanfordPOSTaggerManagerTest"/>
  <testcase name="tagSentence" time="0.065" classname="Test.StanfordPOSTaggerManagerTest"/>
  <testcase name="tagSentence" time="0.102" classname="Test.StanfordPOSTaggerManagerTest"/>
  <testcase name="tagSentence" time="0.073" classname="Test.StanfordPOSTaggerManagerTest"/>
  <testcase name="tagSentence" time="0.141" classname="Test.StanfordPOSTaggerManagerTest"/>
  <testcase name="tagSentence" time="0.121" classname="Test.StanfordPOSTaggerManagerTest"/>
  <testcase name="tagSentence" time="0.083" classname="Test.StanfordPOSTaggerManagerTest"/>
  <testcase name="tagSentence" time="0.146" classname="Test.StanfordPOSTaggerManagerTest"/>
  <testcase name="tagSentence" time="0.123" classname="Test.StanfordPOSTaggerManagerTest"/>
  <testcase name="tagSentence" time="0.087" classname="Test.StanfordPOSTaggerManagerTest"/>
  <testcase name="tagSentence" time="0.081" classname="Test.StanfordPOSTaggerManagerTest"/>
  <testcase name="tagSentence" time="0.161" classname="Test.StanfordPOSTaggerManagerTest"/>
  <testcase name="tagSentence" time="0.115" classname="Test.StanfordPOSTaggerManagerTest"/>
  <testcase name="tagSentence" time="0.062" classname="Test.StanfordPOSTaggerManagerTest"/>
  <testcase name="tagSentence" time="0.073" classname="Test.StanfordPOSTaggerManagerTest"/>
  <testcase name="tagSentence" time="0.102" classname="Test.StanfordPOSTaggerManagerTest"/>
  <testcase name="tagSentence" time="0.090" classname="Test.StanfordPOSTaggerManagerTest"/>
  <testcase name="tagSentence" time="0.102" classname="Test.StanfordPOSTaggerManagerTest"/>
  <testcase name="tagSentence" time="0.145" classname="Test.StanfordPOSTaggerManagerTest"/>
  <testcase name="tagSentence" time="0.186" classname="Test.StanfordPOSTaggerManagerTest"/>
  <testcase name="tagSentence" time="0.145" classname="Test.StanfordPOSTaggerManagerTest"/>
  <testcase name="tagSentence" time="0.154" classname="Test.StanfordPOSTaggerManagerTest"/>
  <testcase name="tagSentence" time="0.072" classname="Test.StanfordPOSTaggerManagerTest"/>
  <testcase name="tagSentence" time="0.112" classname="Test.StanfordPOSTaggerManagerTest"/>
  <testcase name="tagSentence" time="0.109" classname="Test.StanfordPOSTaggerManagerTest"/>
  <testcase name="tagSentence" time="0.102" classname="Test.StanfordPOSTaggerManagerTest"/>
  <testcase name="tagSentence" time="0.083" classname="Test.StanfordPOSTaggerManagerTest"/>
  <testcase name="tagSentence" time="0.094" classname="Test.StanfordPOSTaggerManagerTest"/>
  <testcase name="tagSentence" time="0.103" classname="Test.StanfordPOSTaggerManagerTest"/>
  <testcase name="tagSentence" time="0.096" classname="Test.StanfordPOSTaggerManagerTest"/>
  <testcase name="tagSentence" time="0.071" classname="Test.StanfordPOSTaggerManagerTest"/>
  <testcase name="tagSentence" time="0.082" classname="Test.StanfordPOSTaggerManagerTest"/>
  <testcase name="tagSentence" time="0.106" classname="Test.StanfordPOSTaggerManagerTest"/>
  <testcase name="tagSentence" time="0.104" classname="Test.StanfordPOSTaggerManagerTest"/>
  <testcase name="tagSentence" time="0.078" classname="Test.StanfordPOSTaggerManagerTest"/>
  <testcase name="tagSentence" time="0.130" classname="Test.StanfordPOSTaggerManagerTest"/>
  <testcase name="tagSentence" time="0.170" classname="Test.StanfordPOSTaggerManagerTest"/>
  <testcase name="tagSentence" time="0.110" classname="Test.StanfordPOSTaggerManagerTest"/>
  <testcase name="tagSentence" time="0.086" classname="Test.StanfordPOSTaggerManagerTest"/>
  <testcase name="tagSentence" time="0.118" classname="Test.StanfordPOSTaggerManagerTest"/>
  <testcase name="tagSentence" time="0.144" classname="Test.StanfordPOSTaggerManagerTest"/>
  <testcase name="tagSentence" time="0.105" classname="Test.StanfordPOSTaggerManagerTest"/>
  <testcase name="tagSentence" time="0.126" classname="Test.StanfordPOSTaggerManagerTest"/>
  <testcase name="tagSentence" time="0.086" classname="Test.StanfordPOSTaggerManagerTest"/>
  <testcase name="tagSentence" time="0.079" classname="Test.StanfordPOSTaggerManagerTest"/>
  <testcase name="tagSentence" time="0.048" classname="Test.StanfordPOSTaggerManagerTest"/>
  <testcase name="tagSentence" time="0.166" classname="Test.StanfordPOSTaggerManagerTest"/>
  <testcase name="tagSentence" time="0.114" classname="Test.StanfordPOSTaggerManagerTest"/>
  <testcase name="tagSentence" time="0.090" classname="Test.StanfordPOSTaggerManagerTest"/>
  <testcase name="tagSentence" time="0.110" classname="Test.StanfordPOSTaggerManagerTest"/>
  <testcase name="tagSentence" time="0.130" classname="Test.StanfordPOSTaggerManagerTest"/>
  <testcase name="tagSentence" time="0.109" classname="Test.StanfordPOSTaggerManagerTest"/>
  <testcase name="tagSentence" time="0.135" classname="Test.StanfordPOSTaggerManagerTest"/>
  <testcase name="tagSentence" time="0.072" classname="Test.StanfordPOSTaggerManagerTest"/>
  <testcase name="tagSentence" time="0.119" classname="Test.StanfordPOSTaggerManagerTest"/>
  <testcase name="tagSentence" time="0.106" classname="Test.StanfordPOSTaggerManagerTest"/>
  <testcase name="tagSentence" time="0.092" classname="Test.StanfordPOSTaggerManagerTest"/>
  <testcase name="tagSentence" time="0.078" classname="Test.StanfordPOSTaggerManagerTest"/>
  <testcase name="tagSentence" time="0.088" classname="Test.StanfordPOSTaggerManagerTest"/>
  <testcase name="tagSentence" time="0.099" classname="Test.StanfordPOSTaggerManagerTest"/>
  <testcase name="tagSentence" time="0.086" classname="Test.StanfordPOSTaggerManagerTest"/>
  <testcase name="tagSentence" time="0.086" classname="Test.StanfordPOSTaggerManagerTest"/>
  <testcase name="tagSentence" time="0.093" classname="Test.StanfordPOSTaggerManagerTest"/>
  <testcase name="tagSentence" time="0.098" classname="Test.StanfordPOSTaggerManagerTest"/>
  <testcase name="tagSentence" time="0.131" classname="Test.StanfordPOSTaggerManagerTest"/>
  <testcase name="tagSentence" time="0.092" classname="Test.StanfordPOSTaggerManagerTest"/>
  <testcase name="tagSentence" time="0.124" classname="Test.StanfordPOSTaggerManagerTest"/>
  <testcase name="tagSentence" time="0.109" classname="Test.StanfordPOSTaggerManagerTest"/>
  <testcase name="tagSentence" time="0.119" classname="Test.StanfordPOSTaggerManagerTest"/>
  <testcase name="tagSentence" time="0.151" classname="Test.StanfordPOSTaggerManagerTest"/>
  <testcase name="tagSentence" time="0.121" classname="Test.StanfordPOSTaggerManagerTest"/>
  <testcase name="tagSentence" time="0.099" classname="Test.StanfordPOSTaggerManagerTest"/>
  <testcase name="tagSentence" time="0.078" classname="Test.StanfordPOSTaggerManagerTest"/>
  <testcase name="tagSentence" time="0.089" classname="Test.StanfordPOSTaggerManagerTest"/>
  <testcase name="tagSentence" time="0.117" classname="Test.StanfordPOSTaggerManagerTest"/>
  <testcase name="tagSentence" time="0.104" classname="Test.StanfordPOSTaggerManagerTest"/>
  <testcase name="tagSentence" time="0.075" classname="Test.StanfordPOSTaggerManagerTest"/>
  <testcase name="tagSentence" time="0.079" classname="Test.StanfordPOSTaggerManagerTest"/>
  <testcase name="tagSentence" time="0.085" classname="Test.StanfordPOSTaggerManagerTest"/>
  <testcase name="tagSentence" time="0.084" classname="Test.StanfordPOSTaggerManagerTest"/>
  <testcase name="tagSentence" time="0.128" classname="Test.StanfordPOSTaggerManagerTest"/>
  <testcase name="tagSentence" time="0.069" classname="Test.StanfordPOSTaggerManagerTest"/>
  <testcase name="tagSentence" time="0.094" classname="Test.StanfordPOSTaggerManagerTest"/>
  <testcase name="tagSentence" time="0.070" classname="Test.StanfordPOSTaggerManagerTest"/>
  <testcase name="tagSentence" time="0.118" classname="Test.StanfordPOSTaggerManagerTest"/>
  <testcase name="tagSentence" time="0.127" classname="Test.StanfordPOSTaggerManagerTest"/>
  <testcase name="tagSentence" time="0.129" classname="Test.StanfordPOSTaggerManagerTest"/>
  <testcase name="tagSentence" time="0.066" classname="Test.StanfordPOSTaggerManagerTest"/>
  <testcase name="tagSentence" time="0.125" classname="Test.StanfordPOSTaggerManagerTest"/>
  <testcase name="tagSentence" time="0.152" classname="Test.StanfordPOSTaggerManagerTest"/>
  <testcase name="tagSentence" time="0.096" classname="Test.StanfordPOSTaggerManagerTest"/>
  <testcase name="tagSentence" time="0.104" classname="Test.StanfordPOSTaggerManagerTest"/>
  <testcase name="tagSentence" time="0.108" classname="Test.StanfordPOSTaggerManagerTest"/>
  <testcase name="tagSentence" time="0.073" classname="Test.StanfordPOSTaggerManagerTest"/>
  <testcase name="tagSentence" time="0.115" classname="Test.StanfordPOSTaggerManagerTest"/>
  <testcase name="tagSentence" time="0.117" classname="Test.StanfordPOSTaggerManagerTest"/>
  <testcase name="tagSentence" time="0.098" classname="Test.StanfordPOSTaggerManagerTest"/>
  <testcase name="tagSentence" time="0.079" classname="Test.StanfordPOSTaggerManagerTest"/>
  <testcase name="tagSentence" time="0.094" classname="Test.StanfordPOSTaggerManagerTest"/>
  <testcase name="tagSentence" time="0.101" classname="Test.StanfordPOSTaggerManagerTest"/>
  <testcase name="tagSentence" time="0.182" classname="Test.StanfordPOSTaggerManagerTest"/>
  <testcase name="tagSentence" time="0.181" classname="Test.StanfordPOSTaggerManagerTest"/>
  <testcase name="tagSentence" time="0.087" classname="Test.StanfordPOSTaggerManagerTest"/>
  <testcase name="tagSentence" time="0.096" classname="Test.StanfordPOSTaggerManagerTest"/>
  <testcase name="tagSentence" time="0.108" classname="Test.StanfordPOSTaggerManagerTest"/>
  <testcase name="tagSentence" time="0.147" classname="Test.StanfordPOSTaggerManagerTest"/>
  <testcase name="tagSentence" time="0.155" classname="Test.StanfordPOSTaggerManagerTest"/>
  <testcase name="tagSentence" time="0.081" classname="Test.StanfordPOSTaggerManagerTest"/>
  <testcase name="tagSentence" time="0.091" classname="Test.StanfordPOSTaggerManagerTest"/>
  <testcase name="tagSentence" time="0.127" classname="Test.StanfordPOSTaggerManagerTest"/>
  <testcase name="tagSentence" time="0.089" classname="Test.StanfordPOSTaggerManagerTest"/>
  <testcase name="tagSentence" time="0.111" classname="Test.StanfordPOSTaggerManagerTest"/>
  <testcase name="tagSentence" time="0.078" classname="Test.StanfordPOSTaggerManagerTest"/>
  <testcase name="tagSentence" time="0.123" classname="Test.StanfordPOSTaggerManagerTest"/>
  <testcase name="tagSentence" time="0.115" classname="Test.StanfordPOSTaggerManagerTest"/>
  <testcase name="tagSentence" time="0.090" classname="Test.StanfordPOSTaggerManagerTest"/>
  <testcase name="tagSentence" time="0.140" classname="Test.StanfordPOSTaggerManagerTest"/>
  <testcase name="tagSentence" time="0.182" classname="Test.StanfordPOSTaggerManagerTest"/>
  <testcase name="tagSentence" time="0.077" classname="Test.StanfordPOSTaggerManagerTest"/>
  <testcase name="tagSentence" time="0.054" classname="Test.StanfordPOSTaggerManagerTest"/>
  <testcase name="tagSentence" time="0.087" classname="Test.StanfordPOSTaggerManagerTest"/>
  <testcase name="tagSentence" time="0.157" classname="Test.StanfordPOSTaggerManagerTest"/>
  <testcase name="tagSentence" time="0.074" classname="Test.StanfordPOSTaggerManagerTest"/>
  <testcase name="tagSentence" time="0.078" classname="Test.StanfordPOSTaggerManagerTest"/>
  <testcase name="tagSentence" time="0.087" classname="Test.StanfordPOSTaggerManagerTest"/>
  <testcase name="tagSentence" time="0.132" classname="Test.StanfordPOSTaggerManagerTest"/>
  <testcase name="tagSentence" time="0.142" classname="Test.StanfordPOSTaggerManagerTest"/>
  <testcase name="tagSentence" time="0.139" classname="Test.StanfordPOSTaggerManagerTest"/>
  <testcase name="tagSentence" time="0.126" classname="Test.StanfordPOSTaggerManagerTest"/>
  <testcase name="tagSentence" time="0.065" classname="Test.StanfordPOSTaggerManagerTest"/>
  <testcase name="tagSentence" time="0.098" classname="Test.StanfordPOSTaggerManagerTest"/>
  <testcase name="tagSentence" time="0.090" classname="Test.StanfordPOSTaggerManagerTest"/>
  <testcase name="tagSentence" time="0.100" classname="Test.StanfordPOSTaggerManagerTest"/>
  <testcase name="tagSentence" time="0.065" classname="Test.StanfordPOSTaggerManagerTest"/>
  <testcase name="tagSentence" time="0.074" classname="Test.StanfordPOSTaggerManagerTest"/>
  <testcase name="tagSentence" time="0.102" classname="Test.StanfordPOSTaggerManagerTest"/>
  <testcase name="tagSentence" time="0.114" classname="Test.StanfordPOSTaggerManagerTest"/>
  <testcase name="tagSentence" time="0.097" classname="Test.StanfordPOSTaggerManagerTest"/>
  <testcase name="tagSentence" time="0.086" classname="Test.StanfordPOSTaggerManagerTest"/>
  <testcase name="tagSentence" time="0.114" classname="Test.StanfordPOSTaggerManagerTest"/>
  <testcase name="tagSentence" time="0.098" classname="Test.StanfordPOSTaggerManagerTest"/>
  <testcase name="tagSentence" time="0.075" classname="Test.StanfordPOSTaggerManagerTest"/>
  <testcase name="tagSentence" time="0.090" classname="Test.StanfordPOSTaggerManagerTest"/>
  <testcase name="tagSentence" time="0.089" classname="Test.StanfordPOSTaggerManagerTest"/>
  <testcase name="tagSentence" time="0.098" classname="Test.StanfordPOSTaggerManagerTest"/>
  <testcase name="tagSentence" time="0.072" classname="Test.StanfordPOSTaggerManagerTest"/>
  <testcase name="tagSentence" time="0.123" classname="Test.StanfordPOSTaggerManagerTest"/>
  <testcase name="tagSentence" time="0.094" classname="Test.StanfordPOSTaggerManagerTest"/>
  <testcase name="tagSentence" time="0.090" classname="Test.StanfordPOSTaggerManagerTest"/>
  <testcase name="tagSentence" time="0.058" classname="Test.StanfordPOSTaggerManagerTest"/>
  <testcase name="tagSentence" time="0.090" classname="Test.StanfordPOSTaggerManagerTest"/>
  <testcase name="tagSentence" time="0.098" classname="Test.StanfordPOSTaggerManagerTest"/>
  <testcase name="tagSentence" time="0.082" classname="Test.StanfordPOSTaggerManagerTest"/>
  <testcase name="tagSentence" time="0.124" classname="Test.StanfordPOSTaggerManagerTest"/>
  <testcase name="tagSentence" time="0.111" classname="Test.StanfordPOSTaggerManagerTest"/>
  <testcase name="tagSentence" time="0.065" classname="Test.StanfordPOSTaggerManagerTest"/>
  <testcase name="tagSentence" time="0.085" classname="Test.StanfordPOSTaggerManagerTest"/>
  <testcase name="tagSentence" time="0.131" classname="Test.StanfordPOSTaggerManagerTest"/>
  <testcase name="tagSentence" time="0.096" classname="Test.StanfordPOSTaggerManagerTest"/>
  <testcase name="tagSentence" time="0.226" classname="Test.StanfordPOSTaggerManagerTest"/>
  <testcase name="tagSentence" time="0.103" classname="Test.StanfordPOSTaggerManagerTest"/>
  <testcase name="tagSentence" time="0.100" classname="Test.StanfordPOSTaggerManagerTest"/>
  <testcase name="tagSentence" time="0.124" classname="Test.StanfordPOSTaggerManagerTest"/>
  <testcase name="tagSentence" time="0.098" classname="Test.StanfordPOSTaggerManagerTest"/>
  <testcase name="tagSentence" time="0.055" classname="Test.StanfordPOSTaggerManagerTest"/>
  <testcase name="tagSentence" time="0.085" classname="Test.StanfordPOSTaggerManagerTest"/>
  <testcase name="tagSentence" time="0.121" classname="Test.StanfordPOSTaggerManagerTest"/>
  <testcase name="tagSentence" time="4.509" classname="Test.StanfordPOSTaggerManagerTest"/>
  <testcase name="tagSentence" time="0.106" classname="Test.StanfordPOSTaggerManagerTest"/>
  <testcase name="tagSentence" time="0.076" classname="Test.StanfordPOSTaggerManagerTest"/>
  <testcase name="tagSentence" time="0.070" classname="Test.StanfordPOSTaggerManagerTest"/>
  <testcase name="tagSentence" time="0.145" classname="Test.StanfordPOSTaggerManagerTest"/>
  <testcase name="tagSentence" time="0.105" classname="Test.StanfordPOSTaggerManagerTest"/>
  <testcase name="tagSentence" time="0.097" classname="Test.StanfordPOSTaggerManagerTest"/>
  <testcase name="tagSentence" time="0.159" classname="Test.StanfordPOSTaggerManagerTest"/>
  <testcase name="tagSentence" time="0.137" classname="Test.StanfordPOSTaggerManagerTest"/>
  <testcase name="tagSentence" time="0.081" classname="Test.StanfordPOSTaggerManagerTest"/>
  <testcase name="tagSentence" time="0.092" classname="Test.StanfordPOSTaggerManagerTest"/>
  <testcase name="tagSentence" time="0.170" classname="Test.StanfordPOSTaggerManagerTest"/>
  <testcase name="tagSentence" time="0.085" classname="Test.StanfordPOSTaggerManagerTest"/>
  <testcase name="tagSentence" time="0.102" classname="Test.StanfordPOSTaggerManagerTest"/>
  <testcase name="tagSentence" time="0.088" classname="Test.StanfordPOSTaggerManagerTest"/>
  <testcase name="tagSentence" time="0.106" classname="Test.StanfordPOSTaggerManagerTest"/>
  <testcase name="tagSentence" time="0.094" classname="Test.StanfordPOSTaggerManagerTest"/>
  <testcase name="tagSentence" time="0.102" classname="Test.StanfordPOSTaggerManagerTest"/>
  <testcase name="tagSentence" time="0.128" classname="Test.StanfordPOSTaggerManagerTest"/>
  <testcase name="tagSentence" time="0.136" classname="Test.StanfordPOSTaggerManagerTest"/>
  <testcase name="tagSentence" time="0.075" classname="Test.StanfordPOSTaggerManagerTest"/>
  <testcase name="tagSentence" time="0.100" classname="Test.StanfordPOSTaggerManagerTest"/>
  <testcase name="tagSentence" time="0.166" classname="Test.StanfordPOSTaggerManagerTest"/>
  <testcase name="tagSentence" time="0.101" classname="Test.StanfordPOSTaggerManagerTest"/>
  <testcase name="tagSentence" time="0.049" classname="Test.StanfordPOSTaggerManagerTest"/>
  <testcase name="tagSentence" time="0.164" classname="Test.StanfordPOSTaggerManagerTest"/>
  <testcase name="tagSentence" time="0.100" classname="Test.StanfordPOSTaggerManagerTest"/>
  <testcase name="tagSentence" time="0.091" classname="Test.StanfordPOSTaggerManagerTest"/>
  <testcase name="tagSentence" time="0.164" classname="Test.StanfordPOSTaggerManagerTest"/>
  <testcase name="tagSentence" time="0.066" classname="Test.StanfordPOSTaggerManagerTest"/>
  <testcase name="tagSentence" time="0.078" classname="Test.StanfordPOSTaggerManagerTest"/>
  <testcase name="tagSentence" time="0.089" classname="Test.StanfordPOSTaggerManagerTest"/>
  <testcase name="tagSentence" time="0.153" classname="Test.StanfordPOSTaggerManagerTest"/>
  <testcase name="tagSentence" time="0.099" classname="Test.StanfordPOSTaggerManagerTest"/>
  <testcase name="tagSentence" time="0.105" classname="Test.StanfordPOSTaggerManagerTest"/>
  <testcase name="tagSentence" time="0.051" classname="Test.StanfordPOSTaggerManagerTest"/>
  <testcase name="tagSentence" time="0.096" classname="Test.StanfordPOSTaggerManagerTest"/>
  <testcase name="tagSentence" time="0.096" classname="Test.StanfordPOSTaggerManagerTest"/>
  <testcase name="tagSentence" time="0.101" classname="Test.StanfordPOSTaggerManagerTest"/>
  <testcase name="tagSentence" time="0.093" classname="Test.StanfordPOSTaggerManagerTest"/>
  <testcase name="tagSentence" time="0.106" classname="Test.StanfordPOSTaggerManagerTest"/>
  <testcase name="tagSentence" time="0.107" classname="Test.StanfordPOSTaggerManagerTest"/>
</testsuite> <!-- Test.StanfordPOSTaggerManagerTest -->
