<?xml version="1.0" encoding="UTF-8"?>
<!-- Generated by org.testng.reporters.JUnitXMLReporter -->
<testsuite hostname="PeterMacBookPro.local" name="Default test" tests="4" failures="0" timestamp="20 Jun 2012 19:08:02 GMT" time="0.336" errors="0">
  <testcase name="parse" time="0.183" classname="Test.JPStringParserTest"/>
  <testcase name="parse" time="0.089" classname="Test.JPStringParserTest"/>
  <testcase name="parse" time="0.045" classname="Test.JPStringParserTest"/>
  <testcase name="parse" time="0.0" classname="Test.JPStringParserTest"/>
</testsuite> <!-- Default test -->
